2024-03-03 11:02:46.529  INFO 15948 --- [           main] com.aed.aedend.AedEndApplication         : Starting AedEndApplication using Java 17 on LAPTOP-DBFHBQSF with PID 15948 (D:\JavaLearn\schoolProject\02 项目\project\AED\aed-end\target\classes started by 王蓉 in D:\JavaLearn\schoolProject\02 项目\project\AED\aed-end)
2024-03-03 11:02:46.531  INFO 15948 --- [           main] com.aed.aedend.AedEndApplication         : No active profile set, falling back to 1 default profile: "default"
2024-03-03 11:02:47.622  WARN 15948 --- [           main] o.m.s.mapper.ClassPathMapperScanner      : No MyBatis mapper was found in '[com.aed.aed-web.mapper]' package. Please check your configuration.
2024-03-03 11:02:48.291  INFO 15948 --- [           main] o.s.b.w.embedded.tomcat.TomcatWebServer  : Tomcat initialized with port(s): 10000 (http)
2024-03-03 11:02:48.327  INFO 15948 --- [           main] o.a.coyote.http11.Http11NioProtocol      : Initializing ProtocolHandler ["http-nio-10000"]
2024-03-03 11:02:48.327  INFO 15948 --- [           main] o.apache.catalina.core.StandardService   : Starting service [Tomcat]
2024-03-03 11:02:48.328  INFO 15948 --- [           main] org.apache.catalina.core.StandardEngine  : Starting Servlet engine: [Apache Tomcat/9.0.71]
2024-03-03 11:02:48.604  INFO 15948 --- [           main] o.a.c.c.C.[Tomcat].[localhost].[/]       : Initializing Spring embedded WebApplicationContext
2024-03-03 11:02:48.604  INFO 15948 --- [           main] w.s.c.ServletWebServerApplicationContext : Root WebApplicationContext: initialization completed in 2022 ms
2024-03-03 11:02:48.731  INFO 15948 --- [           main] c.a.d.s.b.a.DruidDataSourceAutoConfigure : Init DruidDataSource
2024-03-03 11:02:48.864  INFO 15948 --- [           main] com.alibaba.druid.pool.DruidDataSource   : {dataSource-1} inited
2024-03-03 11:02:50.008  INFO 15948 --- [           main] o.a.coyote.http11.Http11NioProtocol      : Starting ProtocolHandler ["http-nio-10000"]
2024-03-03 11:02:50.038  INFO 15948 --- [           main] o.s.b.w.embedded.tomcat.TomcatWebServer  : Tomcat started on port(s): 10000 (http) with context path ''
2024-03-03 11:02:50.324  INFO 15948 --- [           main] com.aed.aedend.AedEndApplication         : Started AedEndApplication in 4.338 seconds (JVM running for 5.417)
2024-03-03 11:03:00.268  INFO 15948 --- [http-nio-10000-exec-1] o.a.c.c.C.[Tomcat].[localhost].[/]       : Initializing Spring DispatcherServlet 'dispatcherServlet'
2024-03-03 11:03:00.268  INFO 15948 --- [http-nio-10000-exec-1] o.s.web.servlet.DispatcherServlet        : Initializing Servlet 'dispatcherServlet'
2024-03-03 11:03:00.269  INFO 15948 --- [http-nio-10000-exec-1] o.s.web.servlet.DispatcherServlet        : Completed initialization in 1 ms
2024-03-03 11:03:52.981 ERROR 15948 --- [http-nio-10000-exec-10] o.a.c.c.C.[.[.[/].[dispatcherServlet]    : Servlet.service() for servlet [dispatcherServlet] in context with path [] threw exception [Request processing failed; nested exception is org.mybatis.spring.MyBatisSystemException: nested exception is org.apache.ibatis.exceptions.TooManyResultsException: Expected one result (or null) to be returned by selectOne(), but found: 50] with root cause

org.apache.ibatis.exceptions.TooManyResultsException: Expected one result (or null) to be returned by selectOne(), but found: 50
	at org.apache.ibatis.session.defaults.DefaultSqlSession.selectOne(DefaultSqlSession.java:81)
	at java.base/jdk.internal.reflect.NativeMethodAccessorImpl.invoke0(Native Method)
	at java.base/jdk.internal.reflect.NativeMethodAccessorImpl.invoke(NativeMethodAccessorImpl.java:77)
	at java.base/jdk.internal.reflect.DelegatingMethodAccessorImpl.invoke(DelegatingMethodAccessorImpl.java:43)
	at java.base/java.lang.reflect.Method.invoke(Method.java:568)
	at org.mybatis.spring.SqlSessionTemplate$SqlSessionInterceptor.invoke(SqlSessionTemplate.java:425)
	at jdk.proxy2/jdk.proxy2.$Proxy78.selectOne(Unknown Source)
	at org.mybatis.spring.SqlSessionTemplate.selectOne(SqlSessionTemplate.java:160)
	at com.baomidou.mybatisplus.core.override.MybatisMapperMethod.execute(MybatisMapperMethod.java:89)
	at com.baomidou.mybatisplus.core.override.MybatisMapperProxy$PlainMethodInvoker.invoke(MybatisMapperProxy.java:148)
	at com.baomidou.mybatisplus.core.override.MybatisMapperProxy.invoke(MybatisMapperProxy.java:89)
	at jdk.proxy2/jdk.proxy2.$Proxy79.searchAllPowerTest(Unknown Source)
	at com.aed.aedend.service.impl.DeviceServiceImpl.searchAllPowerTest(DeviceServiceImpl.java:28)
	at com.aed.aedend.service.impl.DeviceServiceImpl$$FastClassBySpringCGLIB$$18499e82.invoke(<generated>)
	at org.springframework.cglib.proxy.MethodProxy.invoke(MethodProxy.java:218)
	at org.springframework.aop.framework.CglibAopProxy.invokeMethod(CglibAopProxy.java:386)
	at org.springframework.aop.framework.CglibAopProxy.access$000(CglibAopProxy.java:85)
	at org.springframework.aop.framework.CglibAopProxy$DynamicAdvisedInterceptor.intercept(CglibAopProxy.java:704)
	at com.aed.aedend.service.impl.DeviceServiceImpl$$EnhancerBySpringCGLIB$$399f48fa.searchAllPowerTest(<generated>)
	at com.aed.aedend.controller.DeviceController.searchAllPowerTest(DeviceController.java:59)
	at java.base/jdk.internal.reflect.NativeMethodAccessorImpl.invoke0(Native Method)
	at java.base/jdk.internal.reflect.NativeMethodAccessorImpl.invoke(NativeMethodAccessorImpl.java:77)
	at java.base/jdk.internal.reflect.DelegatingMethodAccessorImpl.invoke(DelegatingMethodAccessorImpl.java:43)
	at java.base/java.lang.reflect.Method.invoke(Method.java:568)
	at org.springframework.web.method.support.InvocableHandlerMethod.doInvoke(InvocableHandlerMethod.java:205)
	at org.springframework.web.method.support.InvocableHandlerMethod.invokeForRequest(InvocableHandlerMethod.java:150)
	at org.springframework.web.servlet.mvc.method.annotation.ServletInvocableHandlerMethod.invokeAndHandle(ServletInvocableHandlerMethod.java:117)
	at org.springframework.web.servlet.mvc.method.annotation.RequestMappingHandlerAdapter.invokeHandlerMethod(RequestMappingHandlerAdapter.java:895)
	at org.springframework.web.servlet.mvc.method.annotation.RequestMappingHandlerAdapter.handleInternal(RequestMappingHandlerAdapter.java:808)
	at org.springframework.web.servlet.mvc.method.AbstractHandlerMethodAdapter.handle(AbstractHandlerMethodAdapter.java:87)
	at org.springframework.web.servlet.DispatcherServlet.doDispatch(DispatcherServlet.java:1071)
	at org.springframework.web.servlet.DispatcherServlet.doService(DispatcherServlet.java:964)
	at org.springframework.web.servlet.FrameworkServlet.processRequest(FrameworkServlet.java:1006)
	at org.springframework.web.servlet.FrameworkServlet.doGet(FrameworkServlet.java:898)
	at javax.servlet.http.HttpServlet.service(HttpServlet.java:670)
	at org.springframework.web.servlet.FrameworkServlet.service(FrameworkServlet.java:883)
	at javax.servlet.http.HttpServlet.service(HttpServlet.java:779)
	at org.apache.catalina.core.ApplicationFilterChain.internalDoFilter(ApplicationFilterChain.java:227)
	at org.apache.catalina.core.ApplicationFilterChain.doFilter(ApplicationFilterChain.java:162)
	at org.apache.tomcat.websocket.server.WsFilter.doFilter(WsFilter.java:53)
	at org.apache.catalina.core.ApplicationFilterChain.internalDoFilter(ApplicationFilterChain.java:189)
	at org.apache.catalina.core.ApplicationFilterChain.doFilter(ApplicationFilterChain.java:162)
	at org.springframework.web.filter.CorsFilter.doFilterInternal(CorsFilter.java:91)
	at org.springframework.web.filter.OncePerRequestFilter.doFilter(OncePerRequestFilter.java:117)
	at org.apache.catalina.core.ApplicationFilterChain.internalDoFilter(ApplicationFilterChain.java:189)
	at org.apache.catalina.core.ApplicationFilterChain.doFilter(ApplicationFilterChain.java:162)
	at cn.dev33.satoken.filter.SaPathCheckFilterForServlet.doFilter(SaPathCheckFilterForServlet.java:55)
	at org.apache.catalina.core.ApplicationFilterChain.internalDoFilter(ApplicationFilterChain.java:189)
	at org.apache.catalina.core.ApplicationFilterChain.doFilter(ApplicationFilterChain.java:162)
	at org.springframework.web.filter.CharacterEncodingFilter.doFilterInternal(CharacterEncodingFilter.java:201)
	at org.springframework.web.filter.OncePerRequestFilter.doFilter(OncePerRequestFilter.java:117)
	at org.apache.catalina.core.ApplicationFilterChain.internalDoFilter(ApplicationFilterChain.java:189)
	at org.apache.catalina.core.ApplicationFilterChain.doFilter(ApplicationFilterChain.java:162)
	at org.apache.catalina.core.StandardWrapperValve.invoke(StandardWrapperValve.java:177)
	at org.apache.catalina.core.StandardContextValve.invoke(StandardContextValve.java:97)
	at org.apache.catalina.authenticator.AuthenticatorBase.invoke(AuthenticatorBase.java:541)
	at org.apache.catalina.core.StandardHostValve.invoke(StandardHostValve.java:135)
	at org.apache.catalina.valves.ErrorReportValve.invoke(ErrorReportValve.java:92)
	at org.apache.catalina.core.StandardEngineValve.invoke(StandardEngineValve.java:78)
	at org.apache.catalina.connector.CoyoteAdapter.service(CoyoteAdapter.java:360)
	at org.apache.coyote.http11.Http11Processor.service(Http11Processor.java:399)
	at org.apache.coyote.AbstractProcessorLight.process(AbstractProcessorLight.java:65)
	at org.apache.coyote.AbstractProtocol$ConnectionHandler.process(AbstractProtocol.java:891)
	at org.apache.tomcat.util.net.NioEndpoint$SocketProcessor.doRun(NioEndpoint.java:1784)
	at org.apache.tomcat.util.net.SocketProcessorBase.run(SocketProcessorBase.java:49)
	at org.apache.tomcat.util.threads.ThreadPoolExecutor.runWorker(ThreadPoolExecutor.java:1191)
	at org.apache.tomcat.util.threads.ThreadPoolExecutor$Worker.run(ThreadPoolExecutor.java:659)
	at org.apache.tomcat.util.threads.TaskThread$WrappingRunnable.run(TaskThread.java:61)
	at java.base/java.lang.Thread.run(Thread.java:833)

2024-03-03 11:06:08.981  INFO 15948 --- [SpringApplicationShutdownHook] com.alibaba.druid.pool.DruidDataSource   : {dataSource-1} closing ...
2024-03-03 11:06:08.998  INFO 15948 --- [SpringApplicationShutdownHook] com.alibaba.druid.pool.DruidDataSource   : {dataSource-1} closed
2024-03-03 11:06:17.946  INFO 6164 --- [           main] com.aed.aedend.AedEndApplication         : Starting AedEndApplication using Java 17 on LAPTOP-DBFHBQSF with PID 6164 (D:\JavaLearn\schoolProject\02 项目\project\AED\aed-end\target\classes started by 王蓉 in D:\JavaLearn\schoolProject\02 项目\project\AED\aed-end)
2024-03-03 11:06:17.949  INFO 6164 --- [           main] com.aed.aedend.AedEndApplication         : No active profile set, falling back to 1 default profile: "default"
2024-03-03 11:06:18.884  WARN 6164 --- [           main] o.m.s.mapper.ClassPathMapperScanner      : No MyBatis mapper was found in '[com.aed.aed-web.mapper]' package. Please check your configuration.
2024-03-03 11:06:19.262  INFO 6164 --- [           main] o.s.b.w.embedded.tomcat.TomcatWebServer  : Tomcat initialized with port(s): 10000 (http)
2024-03-03 11:06:19.270  INFO 6164 --- [           main] o.a.coyote.http11.Http11NioProtocol      : Initializing ProtocolHandler ["http-nio-10000"]
2024-03-03 11:06:19.270  INFO 6164 --- [           main] o.apache.catalina.core.StandardService   : Starting service [Tomcat]
2024-03-03 11:06:19.270  INFO 6164 --- [           main] org.apache.catalina.core.StandardEngine  : Starting Servlet engine: [Apache Tomcat/9.0.71]
2024-03-03 11:06:19.473  INFO 6164 --- [           main] o.a.c.c.C.[Tomcat].[localhost].[/]       : Initializing Spring embedded WebApplicationContext
2024-03-03 11:06:19.474  INFO 6164 --- [           main] w.s.c.ServletWebServerApplicationContext : Root WebApplicationContext: initialization completed in 1477 ms
2024-03-03 11:06:19.632  INFO 6164 --- [           main] c.a.d.s.b.a.DruidDataSourceAutoConfigure : Init DruidDataSource
2024-03-03 11:06:19.759  INFO 6164 --- [           main] com.alibaba.druid.pool.DruidDataSource   : {dataSource-1} inited
2024-03-03 11:06:20.833  INFO 6164 --- [           main] o.a.coyote.http11.Http11NioProtocol      : Starting ProtocolHandler ["http-nio-10000"]
2024-03-03 11:06:20.862  INFO 6164 --- [           main] o.s.b.w.embedded.tomcat.TomcatWebServer  : Tomcat started on port(s): 10000 (http) with context path ''
2024-03-03 11:06:21.148  INFO 6164 --- [           main] com.aed.aedend.AedEndApplication         : Started AedEndApplication in 3.607 seconds (JVM running for 4.848)
2024-03-03 11:06:21.877  INFO 6164 --- [http-nio-10000-exec-1] o.a.c.c.C.[Tomcat].[localhost].[/]       : Initializing Spring DispatcherServlet 'dispatcherServlet'
2024-03-03 11:06:21.877  INFO 6164 --- [http-nio-10000-exec-1] o.s.web.servlet.DispatcherServlet        : Initializing Servlet 'dispatcherServlet'
2024-03-03 11:06:21.879  INFO 6164 --- [http-nio-10000-exec-1] o.s.web.servlet.DispatcherServlet        : Completed initialization in 1 ms
2024-03-03 11:14:15.681  INFO 6164 --- [SpringApplicationShutdownHook] com.alibaba.druid.pool.DruidDataSource   : {dataSource-1} closing ...
2024-03-03 11:14:15.704  INFO 6164 --- [SpringApplicationShutdownHook] com.alibaba.druid.pool.DruidDataSource   : {dataSource-1} closed
2024-03-03 11:14:23.298  INFO 9944 --- [           main] com.aed.aedend.AedEndApplication         : Starting AedEndApplication using Java 17 on LAPTOP-DBFHBQSF with PID 9944 (D:\JavaLearn\schoolProject\02 项目\project\AED\aed-end\target\classes started by 王蓉 in D:\JavaLearn\schoolProject\02 项目\project\AED\aed-end)
2024-03-03 11:14:23.300  INFO 9944 --- [           main] com.aed.aedend.AedEndApplication         : No active profile set, falling back to 1 default profile: "default"
2024-03-03 11:14:24.165  WARN 9944 --- [           main] o.m.s.mapper.ClassPathMapperScanner      : No MyBatis mapper was found in '[com.aed.aed-web.mapper]' package. Please check your configuration.
2024-03-03 11:14:24.568  INFO 9944 --- [           main] o.s.b.w.embedded.tomcat.TomcatWebServer  : Tomcat initialized with port(s): 10000 (http)
2024-03-03 11:14:24.576  INFO 9944 --- [           main] o.a.coyote.http11.Http11NioProtocol      : Initializing ProtocolHandler ["http-nio-10000"]
2024-03-03 11:14:24.576  INFO 9944 --- [           main] o.apache.catalina.core.StandardService   : Starting service [Tomcat]
2024-03-03 11:14:24.577  INFO 9944 --- [           main] org.apache.catalina.core.StandardEngine  : Starting Servlet engine: [Apache Tomcat/9.0.71]
2024-03-03 11:14:24.748  INFO 9944 --- [           main] o.a.c.c.C.[Tomcat].[localhost].[/]       : Initializing Spring embedded WebApplicationContext
2024-03-03 11:14:24.748  INFO 9944 --- [           main] w.s.c.ServletWebServerApplicationContext : Root WebApplicationContext: initialization completed in 1394 ms
2024-03-03 11:14:24.864  INFO 9944 --- [           main] c.a.d.s.b.a.DruidDataSourceAutoConfigure : Init DruidDataSource
2024-03-03 11:14:24.955  INFO 9944 --- [           main] com.alibaba.druid.pool.DruidDataSource   : {dataSource-1} inited
2024-03-03 11:14:25.863  INFO 9944 --- [           main] o.a.coyote.http11.Http11NioProtocol      : Starting ProtocolHandler ["http-nio-10000"]
2024-03-03 11:14:25.884  INFO 9944 --- [           main] o.s.b.w.embedded.tomcat.TomcatWebServer  : Tomcat started on port(s): 10000 (http) with context path ''
2024-03-03 11:14:26.121  INFO 9944 --- [           main] com.aed.aedend.AedEndApplication         : Started AedEndApplication in 3.221 seconds (JVM running for 4.413)
2024-03-03 11:16:15.736  INFO 9944 --- [http-nio-10000-exec-1] o.a.c.c.C.[Tomcat].[localhost].[/]       : Initializing Spring DispatcherServlet 'dispatcherServlet'
2024-03-03 11:16:15.737  INFO 9944 --- [http-nio-10000-exec-1] o.s.web.servlet.DispatcherServlet        : Initializing Servlet 'dispatcherServlet'
2024-03-03 11:16:15.738  INFO 9944 --- [http-nio-10000-exec-1] o.s.web.servlet.DispatcherServlet        : Completed initialization in 1 ms
2024-03-03 11:20:18.908  INFO 9944 --- [SpringApplicationShutdownHook] com.alibaba.druid.pool.DruidDataSource   : {dataSource-1} closing ...
2024-03-03 11:20:18.944  INFO 9944 --- [SpringApplicationShutdownHook] com.alibaba.druid.pool.DruidDataSource   : {dataSource-1} closed
2024-03-03 11:20:25.298  INFO 21324 --- [           main] com.aed.aedend.AedEndApplication         : Starting AedEndApplication using Java 17 on LAPTOP-DBFHBQSF with PID 21324 (D:\JavaLearn\schoolProject\02 项目\project\AED\aed-end\target\classes started by 王蓉 in D:\JavaLearn\schoolProject\02 项目\project\AED\aed-end)
2024-03-03 11:20:25.301  INFO 21324 --- [           main] com.aed.aedend.AedEndApplication         : No active profile set, falling back to 1 default profile: "default"
2024-03-03 11:20:26.249  WARN 21324 --- [           main] o.m.s.mapper.ClassPathMapperScanner      : No MyBatis mapper was found in '[com.aed.aed-web.mapper]' package. Please check your configuration.
2024-03-03 11:20:26.640  INFO 21324 --- [           main] o.s.b.w.embedded.tomcat.TomcatWebServer  : Tomcat initialized with port(s): 10000 (http)
2024-03-03 11:20:26.648  INFO 21324 --- [           main] o.a.coyote.http11.Http11NioProtocol      : Initializing ProtocolHandler ["http-nio-10000"]
2024-03-03 11:20:26.648  INFO 21324 --- [           main] o.apache.catalina.core.StandardService   : Starting service [Tomcat]
2024-03-03 11:20:26.649  INFO 21324 --- [           main] org.apache.catalina.core.StandardEngine  : Starting Servlet engine: [Apache Tomcat/9.0.71]
2024-03-03 11:20:26.819  INFO 21324 --- [           main] o.a.c.c.C.[Tomcat].[localhost].[/]       : Initializing Spring embedded WebApplicationContext
2024-03-03 11:20:26.819  INFO 21324 --- [           main] w.s.c.ServletWebServerApplicationContext : Root WebApplicationContext: initialization completed in 1466 ms
2024-03-03 11:20:26.926  INFO 21324 --- [           main] c.a.d.s.b.a.DruidDataSourceAutoConfigure : Init DruidDataSource
2024-03-03 11:20:27.018  INFO 21324 --- [           main] com.alibaba.druid.pool.DruidDataSource   : {dataSource-1} inited
2024-03-03 11:20:27.935  INFO 21324 --- [           main] o.a.coyote.http11.Http11NioProtocol      : Starting ProtocolHandler ["http-nio-10000"]
2024-03-03 11:20:27.958  INFO 21324 --- [           main] o.s.b.w.embedded.tomcat.TomcatWebServer  : Tomcat started on port(s): 10000 (http) with context path ''
2024-03-03 11:20:28.198  INFO 21324 --- [           main] com.aed.aedend.AedEndApplication         : Started AedEndApplication in 3.349 seconds (JVM running for 4.295)
2024-03-03 11:22:14.307  INFO 21324 --- [http-nio-10000-exec-1] o.a.c.c.C.[Tomcat].[localhost].[/]       : Initializing Spring DispatcherServlet 'dispatcherServlet'
2024-03-03 11:22:14.307  INFO 21324 --- [http-nio-10000-exec-1] o.s.web.servlet.DispatcherServlet        : Initializing Servlet 'dispatcherServlet'
2024-03-03 11:22:14.308  INFO 21324 --- [http-nio-10000-exec-1] o.s.web.servlet.DispatcherServlet        : Completed initialization in 1 ms
2024-03-03 16:06:32.039  INFO 21324 --- [SpringApplicationShutdownHook] com.alibaba.druid.pool.DruidDataSource   : {dataSource-1} closing ...
2024-03-03 16:06:32.045  INFO 21324 --- [SpringApplicationShutdownHook] com.alibaba.druid.pool.DruidDataSource   : {dataSource-1} closed
