2024-04-01 11:29:16.481  INFO 16060 --- [           main] com.aed.aedend.AedEndApplication         : Starting AedEndApplication using Java 17 on LAPTOP-DBFHBQSF with PID 16060 (D:\JavaLearn\schoolProject\02 项目\project\AED\aed-end\target\classes started by 王蓉 in D:\JavaLearn\schoolProject\02 项目\project\AED\aed-end)
2024-04-01 11:29:16.484  INFO 16060 --- [           main] com.aed.aedend.AedEndApplication         : No active profile set, falling back to 1 default profile: "default"
2024-04-01 11:29:17.513  WARN 16060 --- [           main] o.m.s.mapper.ClassPathMapperScanner      : Skipping MapperFactoryBean with name 'deviceMapper' and 'com.aed.aedend.mapper.DeviceMapper' mapperInterface. Bean already defined with the same name!
2024-04-01 11:29:17.513  WARN 16060 --- [           main] o.m.s.mapper.ClassPathMapperScanner      : Skipping MapperFactoryBean with name 'userMapper' and 'com.aed.aedend.mapper.UserMapper' mapperInterface. Bean already defined with the same name!
2024-04-01 11:29:17.513  WARN 16060 --- [           main] o.m.s.mapper.ClassPathMapperScanner      : No MyBatis mapper was found in '[com.aed.aedend.mapper]' package. Please check your configuration.
2024-04-01 11:29:17.941  INFO 16060 --- [           main] o.s.b.w.embedded.tomcat.TomcatWebServer  : Tomcat initialized with port(s): 10000 (http)
2024-04-01 11:29:17.958  INFO 16060 --- [           main] o.a.coyote.http11.Http11NioProtocol      : Initializing ProtocolHandler ["http-nio-10000"]
2024-04-01 11:29:17.959  INFO 16060 --- [           main] o.apache.catalina.core.StandardService   : Starting service [Tomcat]
2024-04-01 11:29:17.959  INFO 16060 --- [           main] org.apache.catalina.core.StandardEngine  : Starting Servlet engine: [Apache Tomcat/9.0.71]
2024-04-01 11:29:18.146  INFO 16060 --- [           main] o.a.c.c.C.[Tomcat].[localhost].[/]       : Initializing Spring embedded WebApplicationContext
2024-04-01 11:29:18.147  INFO 16060 --- [           main] w.s.c.ServletWebServerApplicationContext : Root WebApplicationContext: initialization completed in 1613 ms
2024-04-01 11:29:18.349  INFO 16060 --- [           main] c.a.d.s.b.a.DruidDataSourceAutoConfigure : Init DruidDataSource
2024-04-01 11:29:18.490  INFO 16060 --- [           main] com.alibaba.druid.pool.DruidDataSource   : {dataSource-1} inited
2024-04-01 11:29:18.698  WARN 16060 --- [           main] c.b.m.core.injector.methods.Delete       : [com.aed.aedend.mapper.DeviceMapper.delete] Has been loaded by XML or SqlProvider or Mybatis's Annotation, so ignoring this injection for [class com.baomidou.mybatisplus.core.injector.methods.Delete]
2024-04-01 11:29:18.732  WARN 16060 --- [           main] c.b.m.core.injector.methods.Delete       : [com.aed.aedend.mapper.UserMapper.delete] Has been loaded by XML or SqlProvider or Mybatis's Annotation, so ignoring this injection for [class com.baomidou.mybatisplus.core.injector.methods.Delete]
2024-04-01 11:29:19.466  INFO 16060 --- [           main] o.a.coyote.http11.Http11NioProtocol      : Starting ProtocolHandler ["http-nio-10000"]
2024-04-01 11:29:19.487  INFO 16060 --- [           main] o.s.b.w.embedded.tomcat.TomcatWebServer  : Tomcat started on port(s): 10000 (http) with context path ''
2024-04-01 11:29:19.774  INFO 16060 --- [           main] com.aed.aedend.AedEndApplication         : Started AedEndApplication in 3.856 seconds (JVM running for 4.888)
2024-04-01 11:29:34.237  INFO 16060 --- [http-nio-10000-exec-1] o.a.c.c.C.[Tomcat].[localhost].[/]       : Initializing Spring DispatcherServlet 'dispatcherServlet'
2024-04-01 11:29:34.237  INFO 16060 --- [http-nio-10000-exec-1] o.s.web.servlet.DispatcherServlet        : Initializing Servlet 'dispatcherServlet'
2024-04-01 11:29:34.238  INFO 16060 --- [http-nio-10000-exec-1] o.s.web.servlet.DispatcherServlet        : Completed initialization in 1 ms
2024-04-01 11:30:31.212  INFO 16060 --- [SpringApplicationShutdownHook] com.alibaba.druid.pool.DruidDataSource   : {dataSource-1} closing ...
2024-04-01 11:30:31.231  INFO 16060 --- [SpringApplicationShutdownHook] com.alibaba.druid.pool.DruidDataSource   : {dataSource-1} closed
2024-04-01 11:49:21.731  INFO 19596 --- [           main] com.aed.aedend.AedEndApplication         : Starting AedEndApplication using Java 17 on LAPTOP-DBFHBQSF with PID 19596 (D:\JavaLearn\schoolProject\02 项目\project\AED\aed-end\target\classes started by 王蓉 in D:\JavaLearn\schoolProject\02 项目\project\AED\aed-end)
2024-04-01 11:49:21.734  INFO 19596 --- [           main] com.aed.aedend.AedEndApplication         : No active profile set, falling back to 1 default profile: "default"
2024-04-01 11:49:22.833  WARN 19596 --- [           main] o.m.s.mapper.ClassPathMapperScanner      : Skipping MapperFactoryBean with name 'deviceMapper' and 'com.aed.aedend.mapper.DeviceMapper' mapperInterface. Bean already defined with the same name!
2024-04-01 11:49:22.833  WARN 19596 --- [           main] o.m.s.mapper.ClassPathMapperScanner      : Skipping MapperFactoryBean with name 'userMapper' and 'com.aed.aedend.mapper.UserMapper' mapperInterface. Bean already defined with the same name!
2024-04-01 11:49:22.834  WARN 19596 --- [           main] o.m.s.mapper.ClassPathMapperScanner      : No MyBatis mapper was found in '[com.aed.aedend.mapper]' package. Please check your configuration.
2024-04-01 11:49:23.509  INFO 19596 --- [           main] o.s.b.w.embedded.tomcat.TomcatWebServer  : Tomcat initialized with port(s): 10000 (http)
2024-04-01 11:49:23.551  INFO 19596 --- [           main] o.a.coyote.http11.Http11NioProtocol      : Initializing ProtocolHandler ["http-nio-10000"]
2024-04-01 11:49:23.552  INFO 19596 --- [           main] o.apache.catalina.core.StandardService   : Starting service [Tomcat]
2024-04-01 11:49:23.552  INFO 19596 --- [           main] org.apache.catalina.core.StandardEngine  : Starting Servlet engine: [Apache Tomcat/9.0.71]
2024-04-01 11:49:23.751  INFO 19596 --- [           main] o.a.c.c.C.[Tomcat].[localhost].[/]       : Initializing Spring embedded WebApplicationContext
2024-04-01 11:49:23.751  INFO 19596 --- [           main] w.s.c.ServletWebServerApplicationContext : Root WebApplicationContext: initialization completed in 1969 ms
2024-04-01 11:49:23.945  INFO 19596 --- [           main] c.a.d.s.b.a.DruidDataSourceAutoConfigure : Init DruidDataSource
2024-04-01 11:49:24.071  INFO 19596 --- [           main] com.alibaba.druid.pool.DruidDataSource   : {dataSource-1} inited
2024-04-01 11:49:24.234  WARN 19596 --- [           main] c.b.m.core.injector.methods.Delete       : [com.aed.aedend.mapper.DeviceMapper.delete] Has been loaded by XML or SqlProvider or Mybatis's Annotation, so ignoring this injection for [class com.baomidou.mybatisplus.core.injector.methods.Delete]
2024-04-01 11:49:24.269  WARN 19596 --- [           main] c.b.m.core.injector.methods.Delete       : [com.aed.aedend.mapper.UserMapper.delete] Has been loaded by XML or SqlProvider or Mybatis's Annotation, so ignoring this injection for [class com.baomidou.mybatisplus.core.injector.methods.Delete]
2024-04-01 11:49:24.973  INFO 19596 --- [           main] o.a.coyote.http11.Http11NioProtocol      : Starting ProtocolHandler ["http-nio-10000"]
2024-04-01 11:49:25.003  INFO 19596 --- [           main] o.s.b.w.embedded.tomcat.TomcatWebServer  : Tomcat started on port(s): 10000 (http) with context path ''
2024-04-01 11:49:25.313  INFO 19596 --- [           main] com.aed.aedend.AedEndApplication         : Started AedEndApplication in 4.022 seconds (JVM running for 4.98)
2024-04-01 11:49:38.459  INFO 19596 --- [http-nio-10000-exec-1] o.a.c.c.C.[Tomcat].[localhost].[/]       : Initializing Spring DispatcherServlet 'dispatcherServlet'
2024-04-01 11:49:38.460  INFO 19596 --- [http-nio-10000-exec-1] o.s.web.servlet.DispatcherServlet        : Initializing Servlet 'dispatcherServlet'
2024-04-01 11:49:38.461  INFO 19596 --- [http-nio-10000-exec-1] o.s.web.servlet.DispatcherServlet        : Completed initialization in 1 ms
2024-04-01 21:02:19.452  INFO 19596 --- [SpringApplicationShutdownHook] com.alibaba.druid.pool.DruidDataSource   : {dataSource-1} closing ...
2024-04-01 21:02:19.457  INFO 19596 --- [SpringApplicationShutdownHook] com.alibaba.druid.pool.DruidDataSource   : {dataSource-1} closed
