2024-03-05 13:58:44.170  INFO 22228 --- [           main] com.aed.aedend.AedEndApplication         : Starting AedEndApplication using Java 17 on LAPTOP-DBFHBQSF with PID 22228 (D:\JavaLearn\schoolProject\02 项目\project\AED\aed-end\target\classes started by 王蓉 in D:\JavaLearn\schoolProject\02 项目\project\AED\aed-end)
2024-03-05 13:58:44.172  INFO 22228 --- [           main] com.aed.aedend.AedEndApplication         : No active profile set, falling back to 1 default profile: "default"
2024-03-05 13:58:45.096  WARN 22228 --- [           main] o.m.s.mapper.ClassPathMapperScanner      : No MyBatis mapper was found in '[com.aed.aed-web.mapper]' package. Please check your configuration.
2024-03-05 13:58:45.500  INFO 22228 --- [           main] o.s.b.w.embedded.tomcat.TomcatWebServer  : Tomcat initialized with port(s): 10000 (http)
2024-03-05 13:58:45.509  INFO 22228 --- [           main] o.a.coyote.http11.Http11NioProtocol      : Initializing ProtocolHandler ["http-nio-10000"]
2024-03-05 13:58:45.510  INFO 22228 --- [           main] o.apache.catalina.core.StandardService   : Starting service [Tomcat]
2024-03-05 13:58:45.510  INFO 22228 --- [           main] org.apache.catalina.core.StandardEngine  : Starting Servlet engine: [Apache Tomcat/9.0.71]
2024-03-05 13:58:45.714  INFO 22228 --- [           main] o.a.c.c.C.[Tomcat].[localhost].[/]       : Initializing Spring embedded WebApplicationContext
2024-03-05 13:58:45.714  INFO 22228 --- [           main] w.s.c.ServletWebServerApplicationContext : Root WebApplicationContext: initialization completed in 1495 ms
2024-03-05 13:58:45.834  INFO 22228 --- [           main] c.a.d.s.b.a.DruidDataSourceAutoConfigure : Init DruidDataSource
2024-03-05 13:58:45.943  INFO 22228 --- [           main] com.alibaba.druid.pool.DruidDataSource   : {dataSource-1} inited
2024-03-05 13:58:46.111  WARN 22228 --- [           main] c.b.m.core.injector.methods.Delete       : [com.aed.aedend.mapper.DeviceMapper.delete] Has been loaded by XML or SqlProvider or Mybatis's Annotation, so ignoring this injection for [class com.baomidou.mybatisplus.core.injector.methods.Delete]
2024-03-05 13:58:46.875  INFO 22228 --- [           main] o.a.coyote.http11.Http11NioProtocol      : Starting ProtocolHandler ["http-nio-10000"]
2024-03-05 13:58:46.897  INFO 22228 --- [           main] o.s.b.w.embedded.tomcat.TomcatWebServer  : Tomcat started on port(s): 10000 (http) with context path ''
2024-03-05 13:58:47.130  INFO 22228 --- [           main] com.aed.aedend.AedEndApplication         : Started AedEndApplication in 3.366 seconds (JVM running for 4.553)
2024-03-05 13:59:30.787  INFO 22228 --- [http-nio-10000-exec-1] o.a.c.c.C.[Tomcat].[localhost].[/]       : Initializing Spring DispatcherServlet 'dispatcherServlet'
2024-03-05 13:59:30.787  INFO 22228 --- [http-nio-10000-exec-1] o.s.web.servlet.DispatcherServlet        : Initializing Servlet 'dispatcherServlet'
2024-03-05 13:59:30.788  INFO 22228 --- [http-nio-10000-exec-1] o.s.web.servlet.DispatcherServlet        : Completed initialization in 1 ms
2024-03-05 14:28:44.139  WARN 22228 --- [http-nio-10000-exec-2] .w.s.m.s.DefaultHandlerExceptionResolver : Resolved [org.springframework.web.method.annotation.MethodArgumentTypeMismatchException: Failed to convert value of type 'java.lang.String' to required type 'java.lang.Integer'; nested exception is java.lang.NumberFormatException: For input string: "7c1c165a24ba2e890df8a25df778e1f4"]
2024-03-05 14:29:33.146  INFO 22228 --- [SpringApplicationShutdownHook] com.alibaba.druid.pool.DruidDataSource   : {dataSource-1} closing ...
2024-03-05 14:29:33.167  INFO 22228 --- [SpringApplicationShutdownHook] com.alibaba.druid.pool.DruidDataSource   : {dataSource-1} closed
2024-03-05 14:29:39.228  INFO 20536 --- [           main] com.aed.aedend.AedEndApplication         : Starting AedEndApplication using Java 17 on LAPTOP-DBFHBQSF with PID 20536 (D:\JavaLearn\schoolProject\02 项目\project\AED\aed-end\target\classes started by 王蓉 in D:\JavaLearn\schoolProject\02 项目\project\AED\aed-end)
2024-03-05 14:29:39.230  INFO 20536 --- [           main] com.aed.aedend.AedEndApplication         : No active profile set, falling back to 1 default profile: "default"
2024-03-05 14:29:40.016  WARN 20536 --- [           main] o.m.s.mapper.ClassPathMapperScanner      : No MyBatis mapper was found in '[com.aed.aed-web.mapper]' package. Please check your configuration.
2024-03-05 14:29:40.387  INFO 20536 --- [           main] o.s.b.w.embedded.tomcat.TomcatWebServer  : Tomcat initialized with port(s): 10000 (http)
2024-03-05 14:29:40.397  INFO 20536 --- [           main] o.a.coyote.http11.Http11NioProtocol      : Initializing ProtocolHandler ["http-nio-10000"]
2024-03-05 14:29:40.398  INFO 20536 --- [           main] o.apache.catalina.core.StandardService   : Starting service [Tomcat]
2024-03-05 14:29:40.398  INFO 20536 --- [           main] org.apache.catalina.core.StandardEngine  : Starting Servlet engine: [Apache Tomcat/9.0.71]
2024-03-05 14:29:40.553  INFO 20536 --- [           main] o.a.c.c.C.[Tomcat].[localhost].[/]       : Initializing Spring embedded WebApplicationContext
2024-03-05 14:29:40.553  INFO 20536 --- [           main] w.s.c.ServletWebServerApplicationContext : Root WebApplicationContext: initialization completed in 1283 ms
2024-03-05 14:29:40.668  INFO 20536 --- [           main] c.a.d.s.b.a.DruidDataSourceAutoConfigure : Init DruidDataSource
2024-03-05 14:29:40.761  INFO 20536 --- [           main] com.alibaba.druid.pool.DruidDataSource   : {dataSource-1} inited
2024-03-05 14:29:40.937  WARN 20536 --- [           main] c.b.m.core.injector.methods.Delete       : [com.aed.aedend.mapper.DeviceMapper.delete] Has been loaded by XML or SqlProvider or Mybatis's Annotation, so ignoring this injection for [class com.baomidou.mybatisplus.core.injector.methods.Delete]
2024-03-05 14:29:41.687  INFO 20536 --- [           main] o.a.coyote.http11.Http11NioProtocol      : Starting ProtocolHandler ["http-nio-10000"]
2024-03-05 14:29:41.710  INFO 20536 --- [           main] o.s.b.w.embedded.tomcat.TomcatWebServer  : Tomcat started on port(s): 10000 (http) with context path ''
2024-03-05 14:29:41.928  INFO 20536 --- [           main] com.aed.aedend.AedEndApplication         : Started AedEndApplication in 3.106 seconds (JVM running for 3.944)
2024-03-05 14:29:47.301  INFO 20536 --- [http-nio-10000-exec-1] o.a.c.c.C.[Tomcat].[localhost].[/]       : Initializing Spring DispatcherServlet 'dispatcherServlet'
2024-03-05 14:29:47.301  INFO 20536 --- [http-nio-10000-exec-1] o.s.web.servlet.DispatcherServlet        : Initializing Servlet 'dispatcherServlet'
2024-03-05 14:29:47.302  INFO 20536 --- [http-nio-10000-exec-1] o.s.web.servlet.DispatcherServlet        : Completed initialization in 1 ms
2024-03-05 14:37:02.407  INFO 20536 --- [SpringApplicationShutdownHook] com.alibaba.druid.pool.DruidDataSource   : {dataSource-1} closing ...
2024-03-05 14:37:02.425  INFO 20536 --- [SpringApplicationShutdownHook] com.alibaba.druid.pool.DruidDataSource   : {dataSource-1} closed
2024-03-05 14:37:10.287  INFO 22840 --- [           main] com.aed.aedend.AedEndApplication         : Starting AedEndApplication using Java 17 on LAPTOP-DBFHBQSF with PID 22840 (D:\JavaLearn\schoolProject\02 项目\project\AED\aed-end\target\classes started by 王蓉 in D:\JavaLearn\schoolProject\02 项目\project\AED\aed-end)
2024-03-05 14:37:10.290  INFO 22840 --- [           main] com.aed.aedend.AedEndApplication         : No active profile set, falling back to 1 default profile: "default"
2024-03-05 14:37:11.183  WARN 22840 --- [           main] o.m.s.mapper.ClassPathMapperScanner      : No MyBatis mapper was found in '[com.aed.aed-web.mapper]' package. Please check your configuration.
2024-03-05 14:37:11.564  INFO 22840 --- [           main] o.s.b.w.embedded.tomcat.TomcatWebServer  : Tomcat initialized with port(s): 10000 (http)
2024-03-05 14:37:11.571  INFO 22840 --- [           main] o.a.coyote.http11.Http11NioProtocol      : Initializing ProtocolHandler ["http-nio-10000"]
2024-03-05 14:37:11.572  INFO 22840 --- [           main] o.apache.catalina.core.StandardService   : Starting service [Tomcat]
2024-03-05 14:37:11.572  INFO 22840 --- [           main] org.apache.catalina.core.StandardEngine  : Starting Servlet engine: [Apache Tomcat/9.0.71]
2024-03-05 14:37:11.727  INFO 22840 --- [           main] o.a.c.c.C.[Tomcat].[localhost].[/]       : Initializing Spring embedded WebApplicationContext
2024-03-05 14:37:11.727  INFO 22840 --- [           main] w.s.c.ServletWebServerApplicationContext : Root WebApplicationContext: initialization completed in 1393 ms
2024-03-05 14:37:11.835  INFO 22840 --- [           main] c.a.d.s.b.a.DruidDataSourceAutoConfigure : Init DruidDataSource
2024-03-05 14:37:11.931  INFO 22840 --- [           main] com.alibaba.druid.pool.DruidDataSource   : {dataSource-1} inited
2024-03-05 14:37:12.078  WARN 22840 --- [           main] c.b.m.core.injector.methods.Delete       : [com.aed.aedend.mapper.DeviceMapper.delete] Has been loaded by XML or SqlProvider or Mybatis's Annotation, so ignoring this injection for [class com.baomidou.mybatisplus.core.injector.methods.Delete]
2024-03-05 14:37:13.028  INFO 22840 --- [           main] o.a.coyote.http11.Http11NioProtocol      : Starting ProtocolHandler ["http-nio-10000"]
2024-03-05 14:37:13.080  INFO 22840 --- [           main] o.s.b.w.embedded.tomcat.TomcatWebServer  : Tomcat started on port(s): 10000 (http) with context path ''
2024-03-05 14:37:13.352  INFO 22840 --- [           main] com.aed.aedend.AedEndApplication         : Started AedEndApplication in 3.464 seconds (JVM running for 4.334)
2024-03-05 14:37:35.317  INFO 22840 --- [http-nio-10000-exec-4] o.a.c.c.C.[Tomcat].[localhost].[/]       : Initializing Spring DispatcherServlet 'dispatcherServlet'
2024-03-05 14:37:35.317  INFO 22840 --- [http-nio-10000-exec-4] o.s.web.servlet.DispatcherServlet        : Initializing Servlet 'dispatcherServlet'
2024-03-05 14:37:35.318  INFO 22840 --- [http-nio-10000-exec-4] o.s.web.servlet.DispatcherServlet        : Completed initialization in 0 ms
2024-03-05 14:59:27.227 ERROR 22840 --- [http-nio-10000-exec-7] o.a.c.c.C.[.[.[/].[dispatcherServlet]    : Servlet.service() for servlet [dispatcherServlet] in context with path [] threw exception [Request processing failed; nested exception is java.lang.NullPointerException: Cannot invoke "com.aed.aedend.entity.User.getPwd()" because "user1" is null] with root cause

java.lang.NullPointerException: Cannot invoke "com.aed.aedend.entity.User.getPwd()" because "user1" is null
	at com.aed.aedend.service.impl.UserServiceImpl.login(UserServiceImpl.java:40)
	at com.aed.aedend.service.impl.UserServiceImpl$$FastClassBySpringCGLIB$$ffc87aad.invoke(<generated>)
	at org.springframework.cglib.proxy.MethodProxy.invoke(MethodProxy.java:218)
	at org.springframework.aop.framework.CglibAopProxy.invokeMethod(CglibAopProxy.java:386)
	at org.springframework.aop.framework.CglibAopProxy.access$000(CglibAopProxy.java:85)
	at org.springframework.aop.framework.CglibAopProxy$DynamicAdvisedInterceptor.intercept(CglibAopProxy.java:704)
	at com.aed.aedend.service.impl.UserServiceImpl$$EnhancerBySpringCGLIB$$8365505b.login(<generated>)
	at com.aed.aedend.controller.UserController.login(UserController.java:43)
	at java.base/jdk.internal.reflect.NativeMethodAccessorImpl.invoke0(Native Method)
	at java.base/jdk.internal.reflect.NativeMethodAccessorImpl.invoke(NativeMethodAccessorImpl.java:77)
	at java.base/jdk.internal.reflect.DelegatingMethodAccessorImpl.invoke(DelegatingMethodAccessorImpl.java:43)
	at java.base/java.lang.reflect.Method.invoke(Method.java:568)
	at org.springframework.web.method.support.InvocableHandlerMethod.doInvoke(InvocableHandlerMethod.java:205)
	at org.springframework.web.method.support.InvocableHandlerMethod.invokeForRequest(InvocableHandlerMethod.java:150)
	at org.springframework.web.servlet.mvc.method.annotation.ServletInvocableHandlerMethod.invokeAndHandle(ServletInvocableHandlerMethod.java:117)
	at org.springframework.web.servlet.mvc.method.annotation.RequestMappingHandlerAdapter.invokeHandlerMethod(RequestMappingHandlerAdapter.java:895)
	at org.springframework.web.servlet.mvc.method.annotation.RequestMappingHandlerAdapter.handleInternal(RequestMappingHandlerAdapter.java:808)
	at org.springframework.web.servlet.mvc.method.AbstractHandlerMethodAdapter.handle(AbstractHandlerMethodAdapter.java:87)
	at org.springframework.web.servlet.DispatcherServlet.doDispatch(DispatcherServlet.java:1071)
	at org.springframework.web.servlet.DispatcherServlet.doService(DispatcherServlet.java:964)
	at org.springframework.web.servlet.FrameworkServlet.processRequest(FrameworkServlet.java:1006)
	at org.springframework.web.servlet.FrameworkServlet.doPost(FrameworkServlet.java:909)
	at javax.servlet.http.HttpServlet.service(HttpServlet.java:696)
	at org.springframework.web.servlet.FrameworkServlet.service(FrameworkServlet.java:883)
	at javax.servlet.http.HttpServlet.service(HttpServlet.java:779)
	at org.apache.catalina.core.ApplicationFilterChain.internalDoFilter(ApplicationFilterChain.java:227)
	at org.apache.catalina.core.ApplicationFilterChain.doFilter(ApplicationFilterChain.java:162)
	at org.apache.tomcat.websocket.server.WsFilter.doFilter(WsFilter.java:53)
	at org.apache.catalina.core.ApplicationFilterChain.internalDoFilter(ApplicationFilterChain.java:189)
	at org.apache.catalina.core.ApplicationFilterChain.doFilter(ApplicationFilterChain.java:162)
	at org.springframework.web.filter.CorsFilter.doFilterInternal(CorsFilter.java:91)
	at org.springframework.web.filter.OncePerRequestFilter.doFilter(OncePerRequestFilter.java:117)
	at org.apache.catalina.core.ApplicationFilterChain.internalDoFilter(ApplicationFilterChain.java:189)
	at org.apache.catalina.core.ApplicationFilterChain.doFilter(ApplicationFilterChain.java:162)
	at cn.dev33.satoken.filter.SaPathCheckFilterForServlet.doFilter(SaPathCheckFilterForServlet.java:55)
	at org.apache.catalina.core.ApplicationFilterChain.internalDoFilter(ApplicationFilterChain.java:189)
	at org.apache.catalina.core.ApplicationFilterChain.doFilter(ApplicationFilterChain.java:162)
	at org.springframework.web.filter.CharacterEncodingFilter.doFilterInternal(CharacterEncodingFilter.java:201)
	at org.springframework.web.filter.OncePerRequestFilter.doFilter(OncePerRequestFilter.java:117)
	at org.apache.catalina.core.ApplicationFilterChain.internalDoFilter(ApplicationFilterChain.java:189)
	at org.apache.catalina.core.ApplicationFilterChain.doFilter(ApplicationFilterChain.java:162)
	at org.apache.catalina.core.StandardWrapperValve.invoke(StandardWrapperValve.java:177)
	at org.apache.catalina.core.StandardContextValve.invoke(StandardContextValve.java:97)
	at org.apache.catalina.authenticator.AuthenticatorBase.invoke(AuthenticatorBase.java:541)
	at org.apache.catalina.core.StandardHostValve.invoke(StandardHostValve.java:135)
	at org.apache.catalina.valves.ErrorReportValve.invoke(ErrorReportValve.java:92)
	at org.apache.catalina.core.StandardEngineValve.invoke(StandardEngineValve.java:78)
	at org.apache.catalina.connector.CoyoteAdapter.service(CoyoteAdapter.java:360)
	at org.apache.coyote.http11.Http11Processor.service(Http11Processor.java:399)
	at org.apache.coyote.AbstractProcessorLight.process(AbstractProcessorLight.java:65)
	at org.apache.coyote.AbstractProtocol$ConnectionHandler.process(AbstractProtocol.java:891)
	at org.apache.tomcat.util.net.NioEndpoint$SocketProcessor.doRun(NioEndpoint.java:1784)
	at org.apache.tomcat.util.net.SocketProcessorBase.run(SocketProcessorBase.java:49)
	at org.apache.tomcat.util.threads.ThreadPoolExecutor.runWorker(ThreadPoolExecutor.java:1191)
	at org.apache.tomcat.util.threads.ThreadPoolExecutor$Worker.run(ThreadPoolExecutor.java:659)
	at org.apache.tomcat.util.threads.TaskThread$WrappingRunnable.run(TaskThread.java:61)
	at java.base/java.lang.Thread.run(Thread.java:833)

2024-03-05 15:00:35.849  WARN 22840 --- [http-nio-10000-exec-3] .w.s.m.s.DefaultHandlerExceptionResolver : Resolved [org.springframework.web.bind.MissingServletRequestParameterException: Required request parameter 'id' for method parameter type String is not present]
2024-03-05 15:00:41.652  WARN 22840 --- [http-nio-10000-exec-1] .w.s.m.s.DefaultHandlerExceptionResolver : Resolved [org.springframework.web.bind.MissingServletRequestParameterException: Required request parameter 'id' for method parameter type String is not present]
2024-03-05 15:01:15.871  WARN 22840 --- [http-nio-10000-exec-6] .w.s.m.s.DefaultHandlerExceptionResolver : Resolved [org.springframework.web.bind.MissingServletRequestParameterException: Required request parameter 'id' for method parameter type String is not present]
2024-03-05 15:02:34.531  WARN 22840 --- [http-nio-10000-exec-6] .w.s.m.s.DefaultHandlerExceptionResolver : Resolved [org.springframework.http.converter.HttpMessageNotReadableException: JSON parse error: int overflow, value 111111111111; nested exception is com.alibaba.fastjson.JSONException: int overflow, value 111111111111]
2024-03-05 15:15:44.729  INFO 22840 --- [SpringApplicationShutdownHook] com.alibaba.druid.pool.DruidDataSource   : {dataSource-1} closing ...
2024-03-05 15:15:44.769  INFO 22840 --- [SpringApplicationShutdownHook] com.alibaba.druid.pool.DruidDataSource   : {dataSource-1} closed
2024-03-05 15:15:51.974  INFO 3840 --- [           main] com.aed.aedend.AedEndApplication         : Starting AedEndApplication using Java 17 on LAPTOP-DBFHBQSF with PID 3840 (D:\JavaLearn\schoolProject\02 项目\project\AED\aed-end\target\classes started by 王蓉 in D:\JavaLearn\schoolProject\02 项目\project\AED\aed-end)
2024-03-05 15:15:51.976  INFO 3840 --- [           main] com.aed.aedend.AedEndApplication         : No active profile set, falling back to 1 default profile: "default"
2024-03-05 15:15:52.756  WARN 3840 --- [           main] o.m.s.mapper.ClassPathMapperScanner      : No MyBatis mapper was found in '[com.aed.aed-web.mapper]' package. Please check your configuration.
2024-03-05 15:15:53.137  INFO 3840 --- [           main] o.s.b.w.embedded.tomcat.TomcatWebServer  : Tomcat initialized with port(s): 10000 (http)
2024-03-05 15:15:53.145  INFO 3840 --- [           main] o.a.coyote.http11.Http11NioProtocol      : Initializing ProtocolHandler ["http-nio-10000"]
2024-03-05 15:15:53.145  INFO 3840 --- [           main] o.apache.catalina.core.StandardService   : Starting service [Tomcat]
2024-03-05 15:15:53.145  INFO 3840 --- [           main] org.apache.catalina.core.StandardEngine  : Starting Servlet engine: [Apache Tomcat/9.0.71]
2024-03-05 15:15:53.323  INFO 3840 --- [           main] o.a.c.c.C.[Tomcat].[localhost].[/]       : Initializing Spring embedded WebApplicationContext
2024-03-05 15:15:53.323  INFO 3840 --- [           main] w.s.c.ServletWebServerApplicationContext : Root WebApplicationContext: initialization completed in 1307 ms
2024-03-05 15:15:53.463  INFO 3840 --- [           main] c.a.d.s.b.a.DruidDataSourceAutoConfigure : Init DruidDataSource
2024-03-05 15:15:53.596  INFO 3840 --- [           main] com.alibaba.druid.pool.DruidDataSource   : {dataSource-1} inited
2024-03-05 15:15:53.767  WARN 3840 --- [           main] c.b.m.core.injector.methods.Delete       : [com.aed.aedend.mapper.DeviceMapper.delete] Has been loaded by XML or SqlProvider or Mybatis's Annotation, so ignoring this injection for [class com.baomidou.mybatisplus.core.injector.methods.Delete]
2024-03-05 15:15:54.661  INFO 3840 --- [           main] o.a.coyote.http11.Http11NioProtocol      : Starting ProtocolHandler ["http-nio-10000"]
2024-03-05 15:15:54.682  INFO 3840 --- [           main] o.s.b.w.embedded.tomcat.TomcatWebServer  : Tomcat started on port(s): 10000 (http) with context path ''
2024-03-05 15:15:54.931  INFO 3840 --- [           main] com.aed.aedend.AedEndApplication         : Started AedEndApplication in 3.34 seconds (JVM running for 4.132)
2024-03-05 15:16:08.720  INFO 3840 --- [http-nio-10000-exec-1] o.a.c.c.C.[Tomcat].[localhost].[/]       : Initializing Spring DispatcherServlet 'dispatcherServlet'
2024-03-05 15:16:08.720  INFO 3840 --- [http-nio-10000-exec-1] o.s.web.servlet.DispatcherServlet        : Initializing Servlet 'dispatcherServlet'
2024-03-05 15:16:08.721  INFO 3840 --- [http-nio-10000-exec-1] o.s.web.servlet.DispatcherServlet        : Completed initialization in 1 ms
2024-03-05 15:21:49.960  INFO 3840 --- [SpringApplicationShutdownHook] com.alibaba.druid.pool.DruidDataSource   : {dataSource-1} closing ...
2024-03-05 15:21:49.977  INFO 3840 --- [SpringApplicationShutdownHook] com.alibaba.druid.pool.DruidDataSource   : {dataSource-1} closed
2024-03-05 15:21:56.913  INFO 19564 --- [           main] com.aed.aedend.AedEndApplication         : Starting AedEndApplication using Java 17 on LAPTOP-DBFHBQSF with PID 19564 (D:\JavaLearn\schoolProject\02 项目\project\AED\aed-end\target\classes started by 王蓉 in D:\JavaLearn\schoolProject\02 项目\project\AED\aed-end)
2024-03-05 15:21:56.916  INFO 19564 --- [           main] com.aed.aedend.AedEndApplication         : No active profile set, falling back to 1 default profile: "default"
2024-03-05 15:21:57.680  WARN 19564 --- [           main] o.m.s.mapper.ClassPathMapperScanner      : No MyBatis mapper was found in '[com.aed.aed-web.mapper]' package. Please check your configuration.
2024-03-05 15:21:58.032  INFO 19564 --- [           main] o.s.b.w.embedded.tomcat.TomcatWebServer  : Tomcat initialized with port(s): 10000 (http)
2024-03-05 15:21:58.039  INFO 19564 --- [           main] o.a.coyote.http11.Http11NioProtocol      : Initializing ProtocolHandler ["http-nio-10000"]
2024-03-05 15:21:58.040  INFO 19564 --- [           main] o.apache.catalina.core.StandardService   : Starting service [Tomcat]
2024-03-05 15:21:58.040  INFO 19564 --- [           main] org.apache.catalina.core.StandardEngine  : Starting Servlet engine: [Apache Tomcat/9.0.71]
2024-03-05 15:21:58.190  INFO 19564 --- [           main] o.a.c.c.C.[Tomcat].[localhost].[/]       : Initializing Spring embedded WebApplicationContext
2024-03-05 15:21:58.190  INFO 19564 --- [           main] w.s.c.ServletWebServerApplicationContext : Root WebApplicationContext: initialization completed in 1232 ms
2024-03-05 15:21:58.290  INFO 19564 --- [           main] c.a.d.s.b.a.DruidDataSourceAutoConfigure : Init DruidDataSource
2024-03-05 15:21:58.379  INFO 19564 --- [           main] com.alibaba.druid.pool.DruidDataSource   : {dataSource-1} inited
2024-03-05 15:21:58.515  WARN 19564 --- [           main] c.b.m.core.injector.methods.Delete       : [com.aed.aedend.mapper.DeviceMapper.delete] Has been loaded by XML or SqlProvider or Mybatis's Annotation, so ignoring this injection for [class com.baomidou.mybatisplus.core.injector.methods.Delete]
2024-03-05 15:21:58.548  WARN 19564 --- [           main] c.b.m.core.injector.methods.Delete       : [com.aed.aedend.mapper.UserMapper.delete] Has been loaded by XML or SqlProvider or Mybatis's Annotation, so ignoring this injection for [class com.baomidou.mybatisplus.core.injector.methods.Delete]
2024-03-05 15:21:59.202  INFO 19564 --- [           main] o.a.coyote.http11.Http11NioProtocol      : Starting ProtocolHandler ["http-nio-10000"]
2024-03-05 15:21:59.226  INFO 19564 --- [           main] o.s.b.w.embedded.tomcat.TomcatWebServer  : Tomcat started on port(s): 10000 (http) with context path ''
2024-03-05 15:21:59.454  INFO 19564 --- [           main] com.aed.aedend.AedEndApplication         : Started AedEndApplication in 2.919 seconds (JVM running for 3.684)
2024-03-05 15:22:18.568  INFO 19564 --- [http-nio-10000-exec-1] o.a.c.c.C.[Tomcat].[localhost].[/]       : Initializing Spring DispatcherServlet 'dispatcherServlet'
2024-03-05 15:22:18.568  INFO 19564 --- [http-nio-10000-exec-1] o.s.web.servlet.DispatcherServlet        : Initializing Servlet 'dispatcherServlet'
2024-03-05 15:22:18.569  INFO 19564 --- [http-nio-10000-exec-1] o.s.web.servlet.DispatcherServlet        : Completed initialization in 1 ms
2024-03-05 15:28:53.082  INFO 19564 --- [SpringApplicationShutdownHook] com.alibaba.druid.pool.DruidDataSource   : {dataSource-1} closing ...
2024-03-05 15:28:53.102  INFO 19564 --- [SpringApplicationShutdownHook] com.alibaba.druid.pool.DruidDataSource   : {dataSource-1} closed
2024-03-05 15:43:51.310  INFO 2376 --- [           main] com.aed.aedend.AedEndApplication         : Starting AedEndApplication using Java 17 on LAPTOP-DBFHBQSF with PID 2376 (D:\JavaLearn\schoolProject\02 项目\project\AED\aed-end\target\classes started by 王蓉 in D:\JavaLearn\schoolProject\02 项目\project\AED\aed-end)
2024-03-05 15:43:51.312  INFO 2376 --- [           main] com.aed.aedend.AedEndApplication         : No active profile set, falling back to 1 default profile: "default"
2024-03-05 15:43:52.117  WARN 2376 --- [           main] o.m.s.mapper.ClassPathMapperScanner      : No MyBatis mapper was found in '[com.aed.aed-web.mapper]' package. Please check your configuration.
2024-03-05 15:43:52.462  INFO 2376 --- [           main] o.s.b.w.embedded.tomcat.TomcatWebServer  : Tomcat initialized with port(s): 10000 (http)
2024-03-05 15:43:52.471  INFO 2376 --- [           main] o.a.coyote.http11.Http11NioProtocol      : Initializing ProtocolHandler ["http-nio-10000"]
2024-03-05 15:43:52.471  INFO 2376 --- [           main] o.apache.catalina.core.StandardService   : Starting service [Tomcat]
2024-03-05 15:43:52.471  INFO 2376 --- [           main] org.apache.catalina.core.StandardEngine  : Starting Servlet engine: [Apache Tomcat/9.0.71]
2024-03-05 15:43:52.625  INFO 2376 --- [           main] o.a.c.c.C.[Tomcat].[localhost].[/]       : Initializing Spring embedded WebApplicationContext
2024-03-05 15:43:52.625  INFO 2376 --- [           main] w.s.c.ServletWebServerApplicationContext : Root WebApplicationContext: initialization completed in 1271 ms
2024-03-05 15:43:52.742  INFO 2376 --- [           main] c.a.d.s.b.a.DruidDataSourceAutoConfigure : Init DruidDataSource
2024-03-05 15:43:52.854  INFO 2376 --- [           main] com.alibaba.druid.pool.DruidDataSource   : {dataSource-1} inited
2024-03-05 15:43:53.017  WARN 2376 --- [           main] c.b.m.core.injector.methods.Delete       : [com.aed.aedend.mapper.DeviceMapper.delete] Has been loaded by XML or SqlProvider or Mybatis's Annotation, so ignoring this injection for [class com.baomidou.mybatisplus.core.injector.methods.Delete]
2024-03-05 15:43:53.049  WARN 2376 --- [           main] c.b.m.core.injector.methods.Delete       : [com.aed.aedend.mapper.UserMapper.delete] Has been loaded by XML or SqlProvider or Mybatis's Annotation, so ignoring this injection for [class com.baomidou.mybatisplus.core.injector.methods.Delete]
2024-03-05 15:43:53.763  INFO 2376 --- [           main] o.a.coyote.http11.Http11NioProtocol      : Starting ProtocolHandler ["http-nio-10000"]
2024-03-05 15:43:53.785  INFO 2376 --- [           main] o.s.b.w.embedded.tomcat.TomcatWebServer  : Tomcat started on port(s): 10000 (http) with context path ''
2024-03-05 15:43:54.003  INFO 2376 --- [           main] com.aed.aedend.AedEndApplication         : Started AedEndApplication in 3.071 seconds (JVM running for 3.845)
2024-03-05 18:07:01.691  INFO 2376 --- [SpringApplicationShutdownHook] com.alibaba.druid.pool.DruidDataSource   : {dataSource-1} closing ...
2024-03-05 18:07:01.692  INFO 2376 --- [SpringApplicationShutdownHook] com.alibaba.druid.pool.DruidDataSource   : {dataSource-1} closed
2024-03-05 18:07:05.909  INFO 17264 --- [           main] com.aed.aedend.AedEndApplication         : Starting AedEndApplication using Java 17 on LAPTOP-DBFHBQSF with PID 17264 (D:\JavaLearn\schoolProject\02 项目\project\AED\aed-end\target\classes started by 王蓉 in D:\JavaLearn\schoolProject\02 项目\project\AED\aed-end)
2024-03-05 18:07:05.911  INFO 17264 --- [           main] com.aed.aedend.AedEndApplication         : No active profile set, falling back to 1 default profile: "default"
2024-03-05 18:07:06.681  WARN 17264 --- [           main] o.m.s.mapper.ClassPathMapperScanner      : No MyBatis mapper was found in '[com.aed.aed-web.mapper]' package. Please check your configuration.
2024-03-05 18:07:07.028  INFO 17264 --- [           main] o.s.b.w.embedded.tomcat.TomcatWebServer  : Tomcat initialized with port(s): 10000 (http)
2024-03-05 18:07:07.035  INFO 17264 --- [           main] o.a.coyote.http11.Http11NioProtocol      : Initializing ProtocolHandler ["http-nio-10000"]
2024-03-05 18:07:07.036  INFO 17264 --- [           main] o.apache.catalina.core.StandardService   : Starting service [Tomcat]
2024-03-05 18:07:07.036  INFO 17264 --- [           main] org.apache.catalina.core.StandardEngine  : Starting Servlet engine: [Apache Tomcat/9.0.71]
2024-03-05 18:07:07.192  INFO 17264 --- [           main] o.a.c.c.C.[Tomcat].[localhost].[/]       : Initializing Spring embedded WebApplicationContext
2024-03-05 18:07:07.192  INFO 17264 --- [           main] w.s.c.ServletWebServerApplicationContext : Root WebApplicationContext: initialization completed in 1238 ms
2024-03-05 18:07:07.288  INFO 17264 --- [           main] c.a.d.s.b.a.DruidDataSourceAutoConfigure : Init DruidDataSource
2024-03-05 18:07:07.372  INFO 17264 --- [           main] com.alibaba.druid.pool.DruidDataSource   : {dataSource-1} inited
2024-03-05 18:07:07.510  WARN 17264 --- [           main] c.b.m.core.injector.methods.Delete       : [com.aed.aedend.mapper.DeviceMapper.delete] Has been loaded by XML or SqlProvider or Mybatis's Annotation, so ignoring this injection for [class com.baomidou.mybatisplus.core.injector.methods.Delete]
2024-03-05 18:07:07.543  WARN 17264 --- [           main] c.b.m.core.injector.methods.Delete       : [com.aed.aedend.mapper.UserMapper.delete] Has been loaded by XML or SqlProvider or Mybatis's Annotation, so ignoring this injection for [class com.baomidou.mybatisplus.core.injector.methods.Delete]
2024-03-05 18:07:08.193  INFO 17264 --- [           main] o.a.coyote.http11.Http11NioProtocol      : Starting ProtocolHandler ["http-nio-10000"]
2024-03-05 18:07:08.213  INFO 17264 --- [           main] o.s.b.w.embedded.tomcat.TomcatWebServer  : Tomcat started on port(s): 10000 (http) with context path ''
2024-03-05 18:07:08.434  INFO 17264 --- [           main] com.aed.aedend.AedEndApplication         : Started AedEndApplication in 2.916 seconds (JVM running for 3.838)
2024-03-05 18:07:18.385  INFO 17264 --- [SpringApplicationShutdownHook] com.alibaba.druid.pool.DruidDataSource   : {dataSource-1} closing ...
2024-03-05 18:07:18.385  INFO 17264 --- [SpringApplicationShutdownHook] com.alibaba.druid.pool.DruidDataSource   : {dataSource-1} closed
2024-03-05 18:58:46.111  INFO 18584 --- [           main] com.aed.aedend.AedEndApplication         : Starting AedEndApplication using Java 17 on LAPTOP-DBFHBQSF with PID 18584 (D:\JavaLearn\schoolProject\02 项目\project\AED\aed-end\target\classes started by 王蓉 in D:\JavaLearn\schoolProject\02 项目\project\AED\aed-end)
2024-03-05 18:58:46.114  INFO 18584 --- [           main] com.aed.aedend.AedEndApplication         : No active profile set, falling back to 1 default profile: "default"
2024-03-05 18:58:47.112  WARN 18584 --- [           main] o.m.s.mapper.ClassPathMapperScanner      : No MyBatis mapper was found in '[com.aed.aed-web.mapper]' package. Please check your configuration.
2024-03-05 18:58:47.614  INFO 18584 --- [           main] o.s.b.w.embedded.tomcat.TomcatWebServer  : Tomcat initialized with port(s): 10000 (http)
2024-03-05 18:58:47.626  INFO 18584 --- [           main] o.a.coyote.http11.Http11NioProtocol      : Initializing ProtocolHandler ["http-nio-10000"]
2024-03-05 18:58:47.626  INFO 18584 --- [           main] o.apache.catalina.core.StandardService   : Starting service [Tomcat]
2024-03-05 18:58:47.627  INFO 18584 --- [           main] org.apache.catalina.core.StandardEngine  : Starting Servlet engine: [Apache Tomcat/9.0.71]
2024-03-05 18:58:47.840  INFO 18584 --- [           main] o.a.c.c.C.[Tomcat].[localhost].[/]       : Initializing Spring embedded WebApplicationContext
2024-03-05 18:58:47.840  INFO 18584 --- [           main] w.s.c.ServletWebServerApplicationContext : Root WebApplicationContext: initialization completed in 1682 ms
2024-03-05 18:58:48.010  INFO 18584 --- [           main] c.a.d.s.b.a.DruidDataSourceAutoConfigure : Init DruidDataSource
2024-03-05 18:58:48.153  INFO 18584 --- [           main] com.alibaba.druid.pool.DruidDataSource   : {dataSource-1} inited
2024-03-05 18:58:48.317  WARN 18584 --- [           main] c.b.m.core.injector.methods.Delete       : [com.aed.aedend.mapper.DeviceMapper.delete] Has been loaded by XML or SqlProvider or Mybatis's Annotation, so ignoring this injection for [class com.baomidou.mybatisplus.core.injector.methods.Delete]
2024-03-05 18:58:48.350  WARN 18584 --- [           main] c.b.m.core.injector.methods.Delete       : [com.aed.aedend.mapper.UserMapper.delete] Has been loaded by XML or SqlProvider or Mybatis's Annotation, so ignoring this injection for [class com.baomidou.mybatisplus.core.injector.methods.Delete]
2024-03-05 18:58:49.116  INFO 18584 --- [           main] o.a.coyote.http11.Http11NioProtocol      : Starting ProtocolHandler ["http-nio-10000"]
2024-03-05 18:58:49.137  INFO 18584 --- [           main] o.s.b.w.embedded.tomcat.TomcatWebServer  : Tomcat started on port(s): 10000 (http) with context path ''
2024-03-05 18:58:49.385  INFO 18584 --- [           main] com.aed.aedend.AedEndApplication         : Started AedEndApplication in 3.707 seconds (JVM running for 4.572)
2024-03-05 18:59:06.050  INFO 18584 --- [http-nio-10000-exec-1] o.a.c.c.C.[Tomcat].[localhost].[/]       : Initializing Spring DispatcherServlet 'dispatcherServlet'
2024-03-05 18:59:06.051  INFO 18584 --- [http-nio-10000-exec-1] o.s.web.servlet.DispatcherServlet        : Initializing Servlet 'dispatcherServlet'
2024-03-05 18:59:06.051  INFO 18584 --- [http-nio-10000-exec-1] o.s.web.servlet.DispatcherServlet        : Completed initialization in 0 ms
2024-03-05 18:59:06.599 ERROR 18584 --- [http-nio-10000-exec-3] o.a.c.c.C.[.[.[/].[dispatcherServlet]    : Servlet.service() for servlet [dispatcherServlet] in context with path [] threw exception [Request processing failed; nested exception is java.lang.NullPointerException: Cannot invoke "com.aed.aedend.entity.User.getPwd()" because "user1" is null] with root cause

java.lang.NullPointerException: Cannot invoke "com.aed.aedend.entity.User.getPwd()" because "user1" is null
	at com.aed.aedend.service.impl.UserServiceImpl.login(UserServiceImpl.java:44)
	at com.aed.aedend.service.impl.UserServiceImpl$$FastClassBySpringCGLIB$$ffc87aad.invoke(<generated>)
	at org.springframework.cglib.proxy.MethodProxy.invoke(MethodProxy.java:218)
	at org.springframework.aop.framework.CglibAopProxy.invokeMethod(CglibAopProxy.java:386)
	at org.springframework.aop.framework.CglibAopProxy.access$000(CglibAopProxy.java:85)
	at org.springframework.aop.framework.CglibAopProxy$DynamicAdvisedInterceptor.intercept(CglibAopProxy.java:704)
	at com.aed.aedend.service.impl.UserServiceImpl$$EnhancerBySpringCGLIB$$61b5dbfb.login(<generated>)
	at com.aed.aedend.controller.UserController.login(UserController.java:45)
	at java.base/jdk.internal.reflect.NativeMethodAccessorImpl.invoke0(Native Method)
	at java.base/jdk.internal.reflect.NativeMethodAccessorImpl.invoke(NativeMethodAccessorImpl.java:77)
	at java.base/jdk.internal.reflect.DelegatingMethodAccessorImpl.invoke(DelegatingMethodAccessorImpl.java:43)
	at java.base/java.lang.reflect.Method.invoke(Method.java:568)
	at org.springframework.web.method.support.InvocableHandlerMethod.doInvoke(InvocableHandlerMethod.java:205)
	at org.springframework.web.method.support.InvocableHandlerMethod.invokeForRequest(InvocableHandlerMethod.java:150)
	at org.springframework.web.servlet.mvc.method.annotation.ServletInvocableHandlerMethod.invokeAndHandle(ServletInvocableHandlerMethod.java:117)
	at org.springframework.web.servlet.mvc.method.annotation.RequestMappingHandlerAdapter.invokeHandlerMethod(RequestMappingHandlerAdapter.java:895)
	at org.springframework.web.servlet.mvc.method.annotation.RequestMappingHandlerAdapter.handleInternal(RequestMappingHandlerAdapter.java:808)
	at org.springframework.web.servlet.mvc.method.AbstractHandlerMethodAdapter.handle(AbstractHandlerMethodAdapter.java:87)
	at org.springframework.web.servlet.DispatcherServlet.doDispatch(DispatcherServlet.java:1071)
	at org.springframework.web.servlet.DispatcherServlet.doService(DispatcherServlet.java:964)
	at org.springframework.web.servlet.FrameworkServlet.processRequest(FrameworkServlet.java:1006)
	at org.springframework.web.servlet.FrameworkServlet.doPost(FrameworkServlet.java:909)
	at javax.servlet.http.HttpServlet.service(HttpServlet.java:696)
	at org.springframework.web.servlet.FrameworkServlet.service(FrameworkServlet.java:883)
	at javax.servlet.http.HttpServlet.service(HttpServlet.java:779)
	at org.apache.catalina.core.ApplicationFilterChain.internalDoFilter(ApplicationFilterChain.java:227)
	at org.apache.catalina.core.ApplicationFilterChain.doFilter(ApplicationFilterChain.java:162)
	at org.apache.tomcat.websocket.server.WsFilter.doFilter(WsFilter.java:53)
	at org.apache.catalina.core.ApplicationFilterChain.internalDoFilter(ApplicationFilterChain.java:189)
	at org.apache.catalina.core.ApplicationFilterChain.doFilter(ApplicationFilterChain.java:162)
	at org.springframework.web.filter.CorsFilter.doFilterInternal(CorsFilter.java:91)
	at org.springframework.web.filter.OncePerRequestFilter.doFilter(OncePerRequestFilter.java:117)
	at org.apache.catalina.core.ApplicationFilterChain.internalDoFilter(ApplicationFilterChain.java:189)
	at org.apache.catalina.core.ApplicationFilterChain.doFilter(ApplicationFilterChain.java:162)
	at cn.dev33.satoken.filter.SaPathCheckFilterForServlet.doFilter(SaPathCheckFilterForServlet.java:55)
	at org.apache.catalina.core.ApplicationFilterChain.internalDoFilter(ApplicationFilterChain.java:189)
	at org.apache.catalina.core.ApplicationFilterChain.doFilter(ApplicationFilterChain.java:162)
	at org.springframework.web.filter.CharacterEncodingFilter.doFilterInternal(CharacterEncodingFilter.java:201)
	at org.springframework.web.filter.OncePerRequestFilter.doFilter(OncePerRequestFilter.java:117)
	at org.apache.catalina.core.ApplicationFilterChain.internalDoFilter(ApplicationFilterChain.java:189)
	at org.apache.catalina.core.ApplicationFilterChain.doFilter(ApplicationFilterChain.java:162)
	at org.apache.catalina.core.StandardWrapperValve.invoke(StandardWrapperValve.java:177)
	at org.apache.catalina.core.StandardContextValve.invoke(StandardContextValve.java:97)
	at org.apache.catalina.authenticator.AuthenticatorBase.invoke(AuthenticatorBase.java:541)
	at org.apache.catalina.core.StandardHostValve.invoke(StandardHostValve.java:135)
	at org.apache.catalina.valves.ErrorReportValve.invoke(ErrorReportValve.java:92)
	at org.apache.catalina.core.StandardEngineValve.invoke(StandardEngineValve.java:78)
	at org.apache.catalina.connector.CoyoteAdapter.service(CoyoteAdapter.java:360)
	at org.apache.coyote.http11.Http11Processor.service(Http11Processor.java:399)
	at org.apache.coyote.AbstractProcessorLight.process(AbstractProcessorLight.java:65)
	at org.apache.coyote.AbstractProtocol$ConnectionHandler.process(AbstractProtocol.java:891)
	at org.apache.tomcat.util.net.NioEndpoint$SocketProcessor.doRun(NioEndpoint.java:1784)
	at org.apache.tomcat.util.net.SocketProcessorBase.run(SocketProcessorBase.java:49)
	at org.apache.tomcat.util.threads.ThreadPoolExecutor.runWorker(ThreadPoolExecutor.java:1191)
	at org.apache.tomcat.util.threads.ThreadPoolExecutor$Worker.run(ThreadPoolExecutor.java:659)
	at org.apache.tomcat.util.threads.TaskThread$WrappingRunnable.run(TaskThread.java:61)
	at java.base/java.lang.Thread.run(Thread.java:833)

2024-03-05 19:01:53.624  INFO 18584 --- [SpringApplicationShutdownHook] com.alibaba.druid.pool.DruidDataSource   : {dataSource-1} closing ...
2024-03-05 19:01:53.641  INFO 18584 --- [SpringApplicationShutdownHook] com.alibaba.druid.pool.DruidDataSource   : {dataSource-1} closed
2024-03-05 19:01:59.043  INFO 25172 --- [           main] com.aed.aedend.AedEndApplication         : Starting AedEndApplication using Java 17 on LAPTOP-DBFHBQSF with PID 25172 (D:\JavaLearn\schoolProject\02 项目\project\AED\aed-end\target\classes started by 王蓉 in D:\JavaLearn\schoolProject\02 项目\project\AED\aed-end)
2024-03-05 19:01:59.045  INFO 25172 --- [           main] com.aed.aedend.AedEndApplication         : No active profile set, falling back to 1 default profile: "default"
2024-03-05 19:01:59.809  WARN 25172 --- [           main] o.m.s.mapper.ClassPathMapperScanner      : No MyBatis mapper was found in '[com.aed.aed-web.mapper]' package. Please check your configuration.
2024-03-05 19:02:00.174  INFO 25172 --- [           main] o.s.b.w.embedded.tomcat.TomcatWebServer  : Tomcat initialized with port(s): 10000 (http)
2024-03-05 19:02:00.182  INFO 25172 --- [           main] o.a.coyote.http11.Http11NioProtocol      : Initializing ProtocolHandler ["http-nio-10000"]
2024-03-05 19:02:00.183  INFO 25172 --- [           main] o.apache.catalina.core.StandardService   : Starting service [Tomcat]
2024-03-05 19:02:00.183  INFO 25172 --- [           main] org.apache.catalina.core.StandardEngine  : Starting Servlet engine: [Apache Tomcat/9.0.71]
2024-03-05 19:02:00.339  INFO 25172 --- [           main] o.a.c.c.C.[Tomcat].[localhost].[/]       : Initializing Spring embedded WebApplicationContext
2024-03-05 19:02:00.339  INFO 25172 --- [           main] w.s.c.ServletWebServerApplicationContext : Root WebApplicationContext: initialization completed in 1254 ms
2024-03-05 19:02:00.451  INFO 25172 --- [           main] c.a.d.s.b.a.DruidDataSourceAutoConfigure : Init DruidDataSource
2024-03-05 19:02:00.541  INFO 25172 --- [           main] com.alibaba.druid.pool.DruidDataSource   : {dataSource-1} inited
2024-03-05 19:02:00.687  WARN 25172 --- [           main] c.b.m.core.injector.methods.Delete       : [com.aed.aedend.mapper.DeviceMapper.delete] Has been loaded by XML or SqlProvider or Mybatis's Annotation, so ignoring this injection for [class com.baomidou.mybatisplus.core.injector.methods.Delete]
2024-03-05 19:02:00.722  WARN 25172 --- [           main] c.b.m.core.injector.methods.Delete       : [com.aed.aedend.mapper.UserMapper.delete] Has been loaded by XML or SqlProvider or Mybatis's Annotation, so ignoring this injection for [class com.baomidou.mybatisplus.core.injector.methods.Delete]
2024-03-05 19:02:01.399  INFO 25172 --- [           main] o.a.coyote.http11.Http11NioProtocol      : Starting ProtocolHandler ["http-nio-10000"]
2024-03-05 19:02:01.420  INFO 25172 --- [           main] o.s.b.w.embedded.tomcat.TomcatWebServer  : Tomcat started on port(s): 10000 (http) with context path ''
2024-03-05 19:02:01.650  INFO 25172 --- [           main] com.aed.aedend.AedEndApplication         : Started AedEndApplication in 2.981 seconds (JVM running for 3.753)
2024-03-05 19:02:22.172  INFO 25172 --- [http-nio-10000-exec-1] o.a.c.c.C.[Tomcat].[localhost].[/]       : Initializing Spring DispatcherServlet 'dispatcherServlet'
2024-03-05 19:02:22.172  INFO 25172 --- [http-nio-10000-exec-1] o.s.web.servlet.DispatcherServlet        : Initializing Servlet 'dispatcherServlet'
2024-03-05 19:02:22.174  INFO 25172 --- [http-nio-10000-exec-1] o.s.web.servlet.DispatcherServlet        : Completed initialization in 2 ms
2024-03-05 19:06:43.728  WARN 25172 --- [http-nio-10000-exec-6] .w.s.m.s.DefaultHandlerExceptionResolver : Resolved [org.springframework.web.bind.MissingServletRequestParameterException: Required request parameter 'id' for method parameter type String is not present]
2024-03-05 21:56:19.598  INFO 25172 --- [SpringApplicationShutdownHook] com.alibaba.druid.pool.DruidDataSource   : {dataSource-1} closing ...
2024-03-05 21:56:19.599  INFO 25172 --- [SpringApplicationShutdownHook] com.alibaba.druid.pool.DruidDataSource   : {dataSource-1} closed
