2024-03-25 14:25:39.924  INFO 9584 --- [           main] com.aed.aedend.AedEndApplicationTests    : Starting AedEndApplicationTests using Java 1.8.0_341 on LAPTOP-DBFHBQSF with PID 9584 (started by 王蓉 in D:\JavaLearn\schoolProject\02 项目\project\AED\aed-end)
2024-03-25 14:25:39.927  INFO 9584 --- [           main] com.aed.aedend.AedEndApplicationTests    : No active profile set, falling back to 1 default profile: "default"
2024-03-25 14:25:41.433  WARN 9584 --- [           main] o.m.s.mapper.ClassPathMapperScanner      : Skipping MapperFactoryBean with name 'deviceMapper' and 'com.aed.aedend.mapper.DeviceMapper' mapperInterface. Bean already defined with the same name!
2024-03-25 14:25:41.433  WARN 9584 --- [           main] o.m.s.mapper.ClassPathMapperScanner      : Skipping MapperFactoryBean with name 'userMapper' and 'com.aed.aedend.mapper.UserMapper' mapperInterface. Bean already defined with the same name!
2024-03-25 14:25:41.434  WARN 9584 --- [           main] o.m.s.mapper.ClassPathMapperScanner      : No MyBatis mapper was found in '[com.aed.aedend.mapper]' package. Please check your configuration.
2024-03-25 14:25:42.027  INFO 9584 --- [           main] c.a.d.s.b.a.DruidDataSourceAutoConfigure : Init DruidDataSource
2024-03-25 14:25:42.408  INFO 9584 --- [           main] com.alibaba.druid.pool.DruidDataSource   : {dataSource-1} inited
2024-03-25 14:25:42.751  WARN 9584 --- [           main] c.b.m.core.injector.methods.Delete       : [com.aed.aedend.mapper.DeviceMapper.delete] Has been loaded by XML or SqlProvider or Mybatis's Annotation, so ignoring this injection for [class com.baomidou.mybatisplus.core.injector.methods.Delete]
2024-03-25 14:25:42.797  WARN 9584 --- [           main] c.b.m.core.injector.methods.Delete       : [com.aed.aedend.mapper.UserMapper.delete] Has been loaded by XML or SqlProvider or Mybatis's Annotation, so ignoring this injection for [class com.baomidou.mybatisplus.core.injector.methods.Delete]
2024-03-25 14:25:45.587  INFO 9584 --- [           main] com.aed.aedend.AedEndApplicationTests    : Started AedEndApplicationTests in 6.324 seconds (JVM running for 7.836)
2024-03-25 14:25:46.024  INFO 9584 --- [SpringApplicationShutdownHook] com.alibaba.druid.pool.DruidDataSource   : {dataSource-1} closing ...
2024-03-25 14:25:46.026  INFO 9584 --- [SpringApplicationShutdownHook] com.alibaba.druid.pool.DruidDataSource   : {dataSource-1} closed
2024-03-25 15:10:24.820  INFO 18524 --- [           main] com.aed.aedend.AedEndApplication         : Starting AedEndApplication using Java 17 on LAPTOP-DBFHBQSF with PID 18524 (D:\JavaLearn\schoolProject\02 项目\project\AED\aed-end\target\classes started by 王蓉 in D:\JavaLearn\schoolProject\02 项目\project\AED\aed-end)
2024-03-25 15:10:24.824  INFO 18524 --- [           main] com.aed.aedend.AedEndApplication         : No active profile set, falling back to 1 default profile: "default"
2024-03-25 15:10:26.005  WARN 18524 --- [           main] o.m.s.mapper.ClassPathMapperScanner      : Skipping MapperFactoryBean with name 'deviceMapper' and 'com.aed.aedend.mapper.DeviceMapper' mapperInterface. Bean already defined with the same name!
2024-03-25 15:10:26.005  WARN 18524 --- [           main] o.m.s.mapper.ClassPathMapperScanner      : Skipping MapperFactoryBean with name 'userMapper' and 'com.aed.aedend.mapper.UserMapper' mapperInterface. Bean already defined with the same name!
2024-03-25 15:10:26.006  WARN 18524 --- [           main] o.m.s.mapper.ClassPathMapperScanner      : No MyBatis mapper was found in '[com.aed.aedend.mapper]' package. Please check your configuration.
2024-03-25 15:10:26.535  INFO 18524 --- [           main] o.s.b.w.embedded.tomcat.TomcatWebServer  : Tomcat initialized with port(s): 10000 (http)
2024-03-25 15:10:26.548  INFO 18524 --- [           main] o.a.coyote.http11.Http11NioProtocol      : Initializing ProtocolHandler ["http-nio-10000"]
2024-03-25 15:10:26.548  INFO 18524 --- [           main] o.apache.catalina.core.StandardService   : Starting service [Tomcat]
2024-03-25 15:10:26.549  INFO 18524 --- [           main] org.apache.catalina.core.StandardEngine  : Starting Servlet engine: [Apache Tomcat/9.0.71]
2024-03-25 15:10:26.784  INFO 18524 --- [           main] o.a.c.c.C.[Tomcat].[localhost].[/]       : Initializing Spring embedded WebApplicationContext
2024-03-25 15:10:26.784  INFO 18524 --- [           main] w.s.c.ServletWebServerApplicationContext : Root WebApplicationContext: initialization completed in 1901 ms
2024-03-25 15:10:27.022  INFO 18524 --- [           main] c.a.d.s.b.a.DruidDataSourceAutoConfigure : Init DruidDataSource
2024-03-25 15:10:27.198  INFO 18524 --- [           main] com.alibaba.druid.pool.DruidDataSource   : {dataSource-1} inited
2024-03-25 15:10:27.476  WARN 18524 --- [           main] c.b.m.core.injector.methods.Delete       : [com.aed.aedend.mapper.DeviceMapper.delete] Has been loaded by XML or SqlProvider or Mybatis's Annotation, so ignoring this injection for [class com.baomidou.mybatisplus.core.injector.methods.Delete]
2024-03-25 15:10:27.524  WARN 18524 --- [           main] c.b.m.core.injector.methods.Delete       : [com.aed.aedend.mapper.UserMapper.delete] Has been loaded by XML or SqlProvider or Mybatis's Annotation, so ignoring this injection for [class com.baomidou.mybatisplus.core.injector.methods.Delete]
2024-03-25 15:10:28.355  INFO 18524 --- [           main] o.a.coyote.http11.Http11NioProtocol      : Starting ProtocolHandler ["http-nio-10000"]
2024-03-25 15:10:28.396  INFO 18524 --- [           main] o.s.b.w.embedded.tomcat.TomcatWebServer  : Tomcat started on port(s): 10000 (http) with context path ''
2024-03-25 15:10:28.763  INFO 18524 --- [           main] com.aed.aedend.AedEndApplication         : Started AedEndApplication in 4.531 seconds (JVM running for 5.674)
2024-03-25 15:11:06.010  INFO 18524 --- [http-nio-10000-exec-1] o.a.c.c.C.[Tomcat].[localhost].[/]       : Initializing Spring DispatcherServlet 'dispatcherServlet'
2024-03-25 15:11:06.010  INFO 18524 --- [http-nio-10000-exec-1] o.s.web.servlet.DispatcherServlet        : Initializing Servlet 'dispatcherServlet'
2024-03-25 15:11:06.011  INFO 18524 --- [http-nio-10000-exec-1] o.s.web.servlet.DispatcherServlet        : Completed initialization in 1 ms
2024-03-25 15:11:06.068 ERROR 18524 --- [http-nio-10000-exec-1] o.a.c.c.C.[.[.[/].[dispatcherServlet]    : Servlet.service() for servlet [dispatcherServlet] in context with path [] threw exception [Request processing failed; nested exception is java.lang.ClassCastException: class org.springframework.web.context.support.ServletContextResource cannot be cast to class javax.annotation.Resource (org.springframework.web.context.support.ServletContextResource and javax.annotation.Resource are in unnamed module of loader 'app')] with root cause

java.lang.ClassCastException: class org.springframework.web.context.support.ServletContextResource cannot be cast to class javax.annotation.Resource (org.springframework.web.context.support.ServletContextResource and javax.annotation.Resource are in unnamed module of loader 'app')
	at com.aed.aedend.controller.DeviceController.getImage(DeviceController.java:114)
	at java.base/jdk.internal.reflect.NativeMethodAccessorImpl.invoke0(Native Method)
	at java.base/jdk.internal.reflect.NativeMethodAccessorImpl.invoke(NativeMethodAccessorImpl.java:77)
	at java.base/jdk.internal.reflect.DelegatingMethodAccessorImpl.invoke(DelegatingMethodAccessorImpl.java:43)
	at java.base/java.lang.reflect.Method.invoke(Method.java:568)
	at org.springframework.web.method.support.InvocableHandlerMethod.doInvoke(InvocableHandlerMethod.java:205)
	at org.springframework.web.method.support.InvocableHandlerMethod.invokeForRequest(InvocableHandlerMethod.java:150)
	at org.springframework.web.servlet.mvc.method.annotation.ServletInvocableHandlerMethod.invokeAndHandle(ServletInvocableHandlerMethod.java:117)
	at org.springframework.web.servlet.mvc.method.annotation.RequestMappingHandlerAdapter.invokeHandlerMethod(RequestMappingHandlerAdapter.java:895)
	at org.springframework.web.servlet.mvc.method.annotation.RequestMappingHandlerAdapter.handleInternal(RequestMappingHandlerAdapter.java:808)
	at org.springframework.web.servlet.mvc.method.AbstractHandlerMethodAdapter.handle(AbstractHandlerMethodAdapter.java:87)
	at org.springframework.web.servlet.DispatcherServlet.doDispatch(DispatcherServlet.java:1071)
	at org.springframework.web.servlet.DispatcherServlet.doService(DispatcherServlet.java:964)
	at org.springframework.web.servlet.FrameworkServlet.processRequest(FrameworkServlet.java:1006)
	at org.springframework.web.servlet.FrameworkServlet.doGet(FrameworkServlet.java:898)
	at javax.servlet.http.HttpServlet.service(HttpServlet.java:670)
	at org.springframework.web.servlet.FrameworkServlet.service(FrameworkServlet.java:883)
	at javax.servlet.http.HttpServlet.service(HttpServlet.java:779)
	at org.apache.catalina.core.ApplicationFilterChain.internalDoFilter(ApplicationFilterChain.java:227)
	at org.apache.catalina.core.ApplicationFilterChain.doFilter(ApplicationFilterChain.java:162)
	at org.apache.tomcat.websocket.server.WsFilter.doFilter(WsFilter.java:53)
	at org.apache.catalina.core.ApplicationFilterChain.internalDoFilter(ApplicationFilterChain.java:189)
	at org.apache.catalina.core.ApplicationFilterChain.doFilter(ApplicationFilterChain.java:162)
	at org.springframework.web.filter.CorsFilter.doFilterInternal(CorsFilter.java:91)
	at org.springframework.web.filter.OncePerRequestFilter.doFilter(OncePerRequestFilter.java:117)
	at org.apache.catalina.core.ApplicationFilterChain.internalDoFilter(ApplicationFilterChain.java:189)
	at org.apache.catalina.core.ApplicationFilterChain.doFilter(ApplicationFilterChain.java:162)
	at org.springframework.web.filter.RequestContextFilter.doFilterInternal(RequestContextFilter.java:100)
	at org.springframework.web.filter.OncePerRequestFilter.doFilter(OncePerRequestFilter.java:117)
	at org.apache.catalina.core.ApplicationFilterChain.internalDoFilter(ApplicationFilterChain.java:189)
	at org.apache.catalina.core.ApplicationFilterChain.doFilter(ApplicationFilterChain.java:162)
	at cn.dev33.satoken.filter.SaPathCheckFilterForServlet.doFilter(SaPathCheckFilterForServlet.java:55)
	at org.apache.catalina.core.ApplicationFilterChain.internalDoFilter(ApplicationFilterChain.java:189)
	at org.apache.catalina.core.ApplicationFilterChain.doFilter(ApplicationFilterChain.java:162)
	at org.springframework.web.filter.FormContentFilter.doFilterInternal(FormContentFilter.java:93)
	at org.springframework.web.filter.OncePerRequestFilter.doFilter(OncePerRequestFilter.java:117)
	at org.apache.catalina.core.ApplicationFilterChain.internalDoFilter(ApplicationFilterChain.java:189)
	at org.apache.catalina.core.ApplicationFilterChain.doFilter(ApplicationFilterChain.java:162)
	at org.springframework.session.web.http.SessionRepositoryFilter.doFilterInternal(SessionRepositoryFilter.java:142)
	at org.springframework.session.web.http.OncePerRequestFilter.doFilter(OncePerRequestFilter.java:82)
	at org.apache.catalina.core.ApplicationFilterChain.internalDoFilter(ApplicationFilterChain.java:189)
	at org.apache.catalina.core.ApplicationFilterChain.doFilter(ApplicationFilterChain.java:162)
	at org.springframework.web.filter.CharacterEncodingFilter.doFilterInternal(CharacterEncodingFilter.java:201)
	at org.springframework.web.filter.OncePerRequestFilter.doFilter(OncePerRequestFilter.java:117)
	at org.apache.catalina.core.ApplicationFilterChain.internalDoFilter(ApplicationFilterChain.java:189)
	at org.apache.catalina.core.ApplicationFilterChain.doFilter(ApplicationFilterChain.java:162)
	at org.apache.catalina.core.StandardWrapperValve.invoke(StandardWrapperValve.java:177)
	at org.apache.catalina.core.StandardContextValve.invoke(StandardContextValve.java:97)
	at org.apache.catalina.authenticator.AuthenticatorBase.invoke(AuthenticatorBase.java:541)
	at org.apache.catalina.core.StandardHostValve.invoke(StandardHostValve.java:135)
	at org.apache.catalina.valves.ErrorReportValve.invoke(ErrorReportValve.java:92)
	at org.apache.catalina.core.StandardEngineValve.invoke(StandardEngineValve.java:78)
	at org.apache.catalina.connector.CoyoteAdapter.service(CoyoteAdapter.java:360)
	at org.apache.coyote.http11.Http11Processor.service(Http11Processor.java:399)
	at org.apache.coyote.AbstractProcessorLight.process(AbstractProcessorLight.java:65)
	at org.apache.coyote.AbstractProtocol$ConnectionHandler.process(AbstractProtocol.java:891)
	at org.apache.tomcat.util.net.NioEndpoint$SocketProcessor.doRun(NioEndpoint.java:1784)
	at org.apache.tomcat.util.net.SocketProcessorBase.run(SocketProcessorBase.java:49)
	at org.apache.tomcat.util.threads.ThreadPoolExecutor.runWorker(ThreadPoolExecutor.java:1191)
	at org.apache.tomcat.util.threads.ThreadPoolExecutor$Worker.run(ThreadPoolExecutor.java:659)
	at org.apache.tomcat.util.threads.TaskThread$WrappingRunnable.run(TaskThread.java:61)
	at java.base/java.lang.Thread.run(Thread.java:833)

2024-03-25 15:24:23.171  INFO 18524 --- [SpringApplicationShutdownHook] com.alibaba.druid.pool.DruidDataSource   : {dataSource-1} closing ...
2024-03-25 15:24:23.173  INFO 18524 --- [SpringApplicationShutdownHook] com.alibaba.druid.pool.DruidDataSource   : {dataSource-1} closed
2024-03-25 15:24:31.646  INFO 25424 --- [           main] com.aed.aedend.AedEndApplication         : Starting AedEndApplication using Java 17 on LAPTOP-DBFHBQSF with PID 25424 (D:\JavaLearn\schoolProject\02 项目\project\AED\aed-end\target\classes started by 王蓉 in D:\JavaLearn\schoolProject\02 项目\project\AED\aed-end)
2024-03-25 15:24:31.648  INFO 25424 --- [           main] com.aed.aedend.AedEndApplication         : No active profile set, falling back to 1 default profile: "default"
2024-03-25 15:24:32.685  WARN 25424 --- [           main] o.m.s.mapper.ClassPathMapperScanner      : Skipping MapperFactoryBean with name 'deviceMapper' and 'com.aed.aedend.mapper.DeviceMapper' mapperInterface. Bean already defined with the same name!
2024-03-25 15:24:32.687  WARN 25424 --- [           main] o.m.s.mapper.ClassPathMapperScanner      : Skipping MapperFactoryBean with name 'userMapper' and 'com.aed.aedend.mapper.UserMapper' mapperInterface. Bean already defined with the same name!
2024-03-25 15:24:32.688  WARN 25424 --- [           main] o.m.s.mapper.ClassPathMapperScanner      : No MyBatis mapper was found in '[com.aed.aedend.mapper]' package. Please check your configuration.
2024-03-25 15:24:33.134  INFO 25424 --- [           main] o.s.b.w.embedded.tomcat.TomcatWebServer  : Tomcat initialized with port(s): 10000 (http)
2024-03-25 15:24:33.145  INFO 25424 --- [           main] o.a.coyote.http11.Http11NioProtocol      : Initializing ProtocolHandler ["http-nio-10000"]
2024-03-25 15:24:33.146  INFO 25424 --- [           main] o.apache.catalina.core.StandardService   : Starting service [Tomcat]
2024-03-25 15:24:33.146  INFO 25424 --- [           main] org.apache.catalina.core.StandardEngine  : Starting Servlet engine: [Apache Tomcat/9.0.71]
2024-03-25 15:24:33.358  INFO 25424 --- [           main] o.a.c.c.C.[Tomcat].[localhost].[/]       : Initializing Spring embedded WebApplicationContext
2024-03-25 15:24:33.359  INFO 25424 --- [           main] w.s.c.ServletWebServerApplicationContext : Root WebApplicationContext: initialization completed in 1663 ms
2024-03-25 15:24:33.533  INFO 25424 --- [           main] c.a.d.s.b.a.DruidDataSourceAutoConfigure : Init DruidDataSource
2024-03-25 15:24:33.671  INFO 25424 --- [           main] com.alibaba.druid.pool.DruidDataSource   : {dataSource-1} inited
2024-03-25 15:24:33.844  WARN 25424 --- [           main] c.b.m.core.injector.methods.Delete       : [com.aed.aedend.mapper.DeviceMapper.delete] Has been loaded by XML or SqlProvider or Mybatis's Annotation, so ignoring this injection for [class com.baomidou.mybatisplus.core.injector.methods.Delete]
2024-03-25 15:24:33.890  WARN 25424 --- [           main] c.b.m.core.injector.methods.Delete       : [com.aed.aedend.mapper.UserMapper.delete] Has been loaded by XML or SqlProvider or Mybatis's Annotation, so ignoring this injection for [class com.baomidou.mybatisplus.core.injector.methods.Delete]
2024-03-25 15:24:34.640  INFO 25424 --- [           main] o.a.coyote.http11.Http11NioProtocol      : Starting ProtocolHandler ["http-nio-10000"]
2024-03-25 15:24:34.665  INFO 25424 --- [           main] o.s.b.w.embedded.tomcat.TomcatWebServer  : Tomcat started on port(s): 10000 (http) with context path ''
2024-03-25 15:24:35.035  INFO 25424 --- [           main] com.aed.aedend.AedEndApplication         : Started AedEndApplication in 3.869 seconds (JVM running for 4.886)
2024-03-25 15:24:41.349  INFO 25424 --- [http-nio-10000-exec-2] o.a.c.c.C.[Tomcat].[localhost].[/]       : Initializing Spring DispatcherServlet 'dispatcherServlet'
2024-03-25 15:24:41.349  INFO 25424 --- [http-nio-10000-exec-2] o.s.web.servlet.DispatcherServlet        : Initializing Servlet 'dispatcherServlet'
2024-03-25 15:24:41.351  INFO 25424 --- [http-nio-10000-exec-2] o.s.web.servlet.DispatcherServlet        : Completed initialization in 2 ms
2024-03-25 15:26:35.332  INFO 26356 --- [           main] com.aed.aedend.AedEndApplicationTests    : Starting AedEndApplicationTests using Java 1.8.0_341 on LAPTOP-DBFHBQSF with PID 26356 (started by 王蓉 in D:\JavaLearn\schoolProject\02 项目\project\AED\aed-end)
2024-03-25 15:26:35.334  INFO 26356 --- [           main] com.aed.aedend.AedEndApplicationTests    : No active profile set, falling back to 1 default profile: "default"
2024-03-25 15:26:36.715  WARN 26356 --- [           main] o.m.s.mapper.ClassPathMapperScanner      : Skipping MapperFactoryBean with name 'deviceMapper' and 'com.aed.aedend.mapper.DeviceMapper' mapperInterface. Bean already defined with the same name!
2024-03-25 15:26:36.716  WARN 26356 --- [           main] o.m.s.mapper.ClassPathMapperScanner      : Skipping MapperFactoryBean with name 'userMapper' and 'com.aed.aedend.mapper.UserMapper' mapperInterface. Bean already defined with the same name!
2024-03-25 15:26:36.717  WARN 26356 --- [           main] o.m.s.mapper.ClassPathMapperScanner      : No MyBatis mapper was found in '[com.aed.aedend.mapper]' package. Please check your configuration.
2024-03-25 15:26:37.311  INFO 26356 --- [           main] c.a.d.s.b.a.DruidDataSourceAutoConfigure : Init DruidDataSource
2024-03-25 15:26:37.600  INFO 26356 --- [           main] com.alibaba.druid.pool.DruidDataSource   : {dataSource-1} inited
2024-03-25 15:26:37.943  WARN 26356 --- [           main] c.b.m.core.injector.methods.Delete       : [com.aed.aedend.mapper.DeviceMapper.delete] Has been loaded by XML or SqlProvider or Mybatis's Annotation, so ignoring this injection for [class com.baomidou.mybatisplus.core.injector.methods.Delete]
2024-03-25 15:26:37.992  WARN 26356 --- [           main] c.b.m.core.injector.methods.Delete       : [com.aed.aedend.mapper.UserMapper.delete] Has been loaded by XML or SqlProvider or Mybatis's Annotation, so ignoring this injection for [class com.baomidou.mybatisplus.core.injector.methods.Delete]
2024-03-25 15:26:40.829  INFO 26356 --- [           main] com.aed.aedend.AedEndApplicationTests    : Started AedEndApplicationTests in 6.145 seconds (JVM running for 7.712)
2024-03-25 15:26:41.234  INFO 26356 --- [SpringApplicationShutdownHook] com.alibaba.druid.pool.DruidDataSource   : {dataSource-1} closing ...
2024-03-25 15:26:41.237  INFO 26356 --- [SpringApplicationShutdownHook] com.alibaba.druid.pool.DruidDataSource   : {dataSource-1} closed
2024-03-25 17:49:35.693  INFO 8324 --- [           main] com.aed.aedend.AedEndApplicationTests    : Starting AedEndApplicationTests using Java 1.8.0_341 on LAPTOP-DBFHBQSF with PID 8324 (started by 王蓉 in D:\JavaLearn\schoolProject\02 项目\project\AED\aed-end)
2024-03-25 17:49:35.696  INFO 8324 --- [           main] com.aed.aedend.AedEndApplicationTests    : No active profile set, falling back to 1 default profile: "default"
2024-03-25 17:49:36.835  WARN 8324 --- [           main] o.m.s.mapper.ClassPathMapperScanner      : Skipping MapperFactoryBean with name 'deviceMapper' and 'com.aed.aedend.mapper.DeviceMapper' mapperInterface. Bean already defined with the same name!
2024-03-25 17:49:36.835  WARN 8324 --- [           main] o.m.s.mapper.ClassPathMapperScanner      : Skipping MapperFactoryBean with name 'userMapper' and 'com.aed.aedend.mapper.UserMapper' mapperInterface. Bean already defined with the same name!
2024-03-25 17:49:36.836  WARN 8324 --- [           main] o.m.s.mapper.ClassPathMapperScanner      : No MyBatis mapper was found in '[com.aed.aedend.mapper]' package. Please check your configuration.
2024-03-25 17:49:37.326  INFO 8324 --- [           main] c.a.d.s.b.a.DruidDataSourceAutoConfigure : Init DruidDataSource
2024-03-25 17:49:37.672  INFO 8324 --- [           main] com.alibaba.druid.pool.DruidDataSource   : {dataSource-1} inited
2024-03-25 17:49:37.986  WARN 8324 --- [           main] c.b.m.core.injector.methods.Delete       : [com.aed.aedend.mapper.DeviceMapper.delete] Has been loaded by XML or SqlProvider or Mybatis's Annotation, so ignoring this injection for [class com.baomidou.mybatisplus.core.injector.methods.Delete]
2024-03-25 17:49:38.054  WARN 8324 --- [           main] c.b.m.core.injector.methods.Delete       : [com.aed.aedend.mapper.UserMapper.delete] Has been loaded by XML or SqlProvider or Mybatis's Annotation, so ignoring this injection for [class com.baomidou.mybatisplus.core.injector.methods.Delete]
2024-03-25 17:49:41.204  INFO 8324 --- [           main] com.aed.aedend.AedEndApplicationTests    : Started AedEndApplicationTests in 5.97 seconds (JVM running for 7.072)
2024-03-25 17:49:41.628  INFO 8324 --- [SpringApplicationShutdownHook] com.alibaba.druid.pool.DruidDataSource   : {dataSource-1} closing ...
2024-03-25 17:49:41.630  INFO 8324 --- [SpringApplicationShutdownHook] com.alibaba.druid.pool.DruidDataSource   : {dataSource-1} closed
2024-03-25 17:58:31.385  INFO 25424 --- [SpringApplicationShutdownHook] com.alibaba.druid.pool.DruidDataSource   : {dataSource-1} closing ...
2024-03-25 17:58:31.386  INFO 25424 --- [SpringApplicationShutdownHook] com.alibaba.druid.pool.DruidDataSource   : {dataSource-1} closed
2024-03-25 17:58:36.811  INFO 23900 --- [           main] com.aed.aedend.AedEndApplication         : Starting AedEndApplication using Java 17 on LAPTOP-DBFHBQSF with PID 23900 (D:\JavaLearn\schoolProject\02 项目\project\AED\aed-end\target\classes started by 王蓉 in D:\JavaLearn\schoolProject\02 项目\project\AED\aed-end)
2024-03-25 17:58:36.814  INFO 23900 --- [           main] com.aed.aedend.AedEndApplication         : No active profile set, falling back to 1 default profile: "default"
2024-03-25 17:58:37.698  WARN 23900 --- [           main] o.m.s.mapper.ClassPathMapperScanner      : Skipping MapperFactoryBean with name 'deviceMapper' and 'com.aed.aedend.mapper.DeviceMapper' mapperInterface. Bean already defined with the same name!
2024-03-25 17:58:37.698  WARN 23900 --- [           main] o.m.s.mapper.ClassPathMapperScanner      : Skipping MapperFactoryBean with name 'userMapper' and 'com.aed.aedend.mapper.UserMapper' mapperInterface. Bean already defined with the same name!
2024-03-25 17:58:37.698  WARN 23900 --- [           main] o.m.s.mapper.ClassPathMapperScanner      : No MyBatis mapper was found in '[com.aed.aedend.mapper]' package. Please check your configuration.
2024-03-25 17:58:38.060  INFO 23900 --- [           main] o.s.b.w.embedded.tomcat.TomcatWebServer  : Tomcat initialized with port(s): 10000 (http)
2024-03-25 17:58:38.070  INFO 23900 --- [           main] o.a.coyote.http11.Http11NioProtocol      : Initializing ProtocolHandler ["http-nio-10000"]
2024-03-25 17:58:38.070  INFO 23900 --- [           main] o.apache.catalina.core.StandardService   : Starting service [Tomcat]
2024-03-25 17:58:38.070  INFO 23900 --- [           main] org.apache.catalina.core.StandardEngine  : Starting Servlet engine: [Apache Tomcat/9.0.71]
2024-03-25 17:58:38.247  INFO 23900 --- [           main] o.a.c.c.C.[Tomcat].[localhost].[/]       : Initializing Spring embedded WebApplicationContext
2024-03-25 17:58:38.248  INFO 23900 --- [           main] w.s.c.ServletWebServerApplicationContext : Root WebApplicationContext: initialization completed in 1395 ms
2024-03-25 17:58:38.420  INFO 23900 --- [           main] c.a.d.s.b.a.DruidDataSourceAutoConfigure : Init DruidDataSource
2024-03-25 17:58:38.533  INFO 23900 --- [           main] com.alibaba.druid.pool.DruidDataSource   : {dataSource-1} inited
2024-03-25 17:58:38.699  WARN 23900 --- [           main] c.b.m.core.injector.methods.Delete       : [com.aed.aedend.mapper.DeviceMapper.delete] Has been loaded by XML or SqlProvider or Mybatis's Annotation, so ignoring this injection for [class com.baomidou.mybatisplus.core.injector.methods.Delete]
2024-03-25 17:58:38.732  WARN 23900 --- [           main] c.b.m.core.injector.methods.Delete       : [com.aed.aedend.mapper.UserMapper.delete] Has been loaded by XML or SqlProvider or Mybatis's Annotation, so ignoring this injection for [class com.baomidou.mybatisplus.core.injector.methods.Delete]
2024-03-25 17:58:39.363  INFO 23900 --- [           main] o.a.coyote.http11.Http11NioProtocol      : Starting ProtocolHandler ["http-nio-10000"]
2024-03-25 17:58:39.385  INFO 23900 --- [           main] o.s.b.w.embedded.tomcat.TomcatWebServer  : Tomcat started on port(s): 10000 (http) with context path ''
2024-03-25 17:58:39.674  INFO 23900 --- [           main] com.aed.aedend.AedEndApplication         : Started AedEndApplication in 3.29 seconds (JVM running for 4.199)
2024-03-25 17:59:53.624  INFO 23900 --- [http-nio-10000-exec-2] o.a.c.c.C.[Tomcat].[localhost].[/]       : Initializing Spring DispatcherServlet 'dispatcherServlet'
2024-03-25 17:59:53.624  INFO 23900 --- [http-nio-10000-exec-2] o.s.web.servlet.DispatcherServlet        : Initializing Servlet 'dispatcherServlet'
2024-03-25 17:59:53.625  INFO 23900 --- [http-nio-10000-exec-2] o.s.web.servlet.DispatcherServlet        : Completed initialization in 1 ms
2024-03-25 18:14:44.495  INFO 2136 --- [           main] com.aed.aedend.AedEndApplicationTests    : Starting AedEndApplicationTests using Java 1.8.0_341 on LAPTOP-DBFHBQSF with PID 2136 (started by 王蓉 in D:\JavaLearn\schoolProject\02 项目\project\AED\aed-end)
2024-03-25 18:14:44.498  INFO 2136 --- [           main] com.aed.aedend.AedEndApplicationTests    : No active profile set, falling back to 1 default profile: "default"
2024-03-25 18:14:45.803  WARN 2136 --- [           main] o.m.s.mapper.ClassPathMapperScanner      : Skipping MapperFactoryBean with name 'deviceMapper' and 'com.aed.aedend.mapper.DeviceMapper' mapperInterface. Bean already defined with the same name!
2024-03-25 18:14:45.803  WARN 2136 --- [           main] o.m.s.mapper.ClassPathMapperScanner      : Skipping MapperFactoryBean with name 'userMapper' and 'com.aed.aedend.mapper.UserMapper' mapperInterface. Bean already defined with the same name!
2024-03-25 18:14:45.804  WARN 2136 --- [           main] o.m.s.mapper.ClassPathMapperScanner      : No MyBatis mapper was found in '[com.aed.aedend.mapper]' package. Please check your configuration.
2024-03-25 18:14:46.275  INFO 2136 --- [           main] c.a.d.s.b.a.DruidDataSourceAutoConfigure : Init DruidDataSource
2024-03-25 18:14:46.658  INFO 2136 --- [           main] com.alibaba.druid.pool.DruidDataSource   : {dataSource-1} inited
2024-03-25 18:14:46.993  WARN 2136 --- [           main] c.b.m.core.injector.methods.Delete       : [com.aed.aedend.mapper.DeviceMapper.delete] Has been loaded by XML or SqlProvider or Mybatis's Annotation, so ignoring this injection for [class com.baomidou.mybatisplus.core.injector.methods.Delete]
2024-03-25 18:14:47.039  WARN 2136 --- [           main] c.b.m.core.injector.methods.Delete       : [com.aed.aedend.mapper.UserMapper.delete] Has been loaded by XML or SqlProvider or Mybatis's Annotation, so ignoring this injection for [class com.baomidou.mybatisplus.core.injector.methods.Delete]
2024-03-25 18:14:49.771  INFO 2136 --- [           main] com.aed.aedend.AedEndApplicationTests    : Started AedEndApplicationTests in 5.82 seconds (JVM running for 6.935)
2024-03-25 18:14:50.102  INFO 2136 --- [SpringApplicationShutdownHook] com.alibaba.druid.pool.DruidDataSource   : {dataSource-1} closing ...
2024-03-25 18:14:50.104  INFO 2136 --- [SpringApplicationShutdownHook] com.alibaba.druid.pool.DruidDataSource   : {dataSource-1} closed
